Activation log on 2014-December-10 (SIM cards activated)
089190136----[Mr Aaron Stewart](24/Jun/1971)(gqmvfv@live.com)(10 Simmons Street, Box Hill North, VIC 3129)(Tertiary education ID: 5350809)(Plan: FreedomNightsBonus)
089190128----[Mr Adam Muscat](19/Jan/1980)(vn2s4y@yahoo.com.au)(18 Andrew Street, Northcote, VIC 3070)(Tertiary education ID: 85631)(Plan: FreedomNightsBonus)
089190110----[Mr Adnan Hazimeh](23/Sep/1974)(jdallw@126.com)(58 Robinlee Avenue, Burwood East, VIC 3151)(Tertiary education ID: 3491782)(Plan: FreedomNightsBonus)
089197669----[Mr Adrienne Parisi](23/Jan/1995)(a8w4to@gmail.com)(8 Conrad Terrace, Taylors Hill, VIC 3037)(Tertiary education ID: 5141113)(Plan: FreedomNightsBonus)
089190102----[Mr Alan Lac](24/Feb/1985)(b7n33i@yahoo.com.au)(4 Sinns Avenue, Werribee, VIC 3030)(Tertiary education ID: 1256389)(Plan: FreedomNightsBonus)
089190094----[Mr Alexander Kolonyuk](11/May/1976)(o7bkv1@yeah.net)(23 Calder Highway, Diggers Rest, VIC 3427)(Tertiary education ID: 8903552)(Plan: FreedomNightsBonus)
089190185----[Mr Alison Devitt](13/Jul/1987)(f0zud3@hotmail.com)(5 Sheila Court, Thomastown, VIC 3074)(Tertiary education ID: 2732480)(Plan: FreedomNightsBonus)
089190086----[Mr Allan Smith](15/Jul/1987)(cv2jgi@bigpond.com)(55 Argyll Circuit, Melton West, VIC 3337)(Tertiary education ID: 3928869)(Plan: FreedomNightsBonus)
089190078----[Mr Ally Scott](2/Sep/1974)(tizbaw@gmail.com)(13A Hillcrest Avenue, Ferntree Gully, VIC 3156)(Tertiary education ID: 4660612)(Plan: FreedomNightsBonus)
089190060----[Mr Andrea Wesley](27/Jul/1990)(ym8vyr@live.com)(48 Mosman Close, Wantirna South, VIC 3152)(Tertiary education ID: 4413948)(Plan: FreedomNightsBonus)
8000010685230----[Mr Andrew Lopez](21/Jun/1995)(l2u4x4@126.com)(491 Springhill Road, Spring Hill, VIC 3444)(Tertiary education ID: 6992534)(Plan: FreedomNightsBonus)
8000010685222----[Mr Andrew Thomas](11/Jan/1991)(likhir@sohu.com)(487 Mt Alexander Road, Moonee Ponds, VIC 3039)(Tertiary education ID: 2475342)(Plan: FreedomNightsBonus)
8000010685206----[Mr Andy Chellappan](10/Oct/1974)(ogvybi@qq.com)(4 Nature Park Rise, Yarra Junction, VIC 3797)(Tertiary education ID: 7007127)(Plan: FreedomNightsBonus)
8000010685271----[Mr Anila Mayekar](25/Aug/1972)(pctc5m@yeah.net)(128 Easey Street, Collingwood, VIC 3066)(Tertiary education ID: 728279)(Plan: FreedomNightsBonus)
089197677----[Mr Anna Jones](1/Aug/1978)(rf8fz0@yahoo.com.au)(41 Trudewind Road, Wodonga, VIC 3690)(Tertiary education ID: 6384936)(Plan: FreedomNightsBonus)
8000010685263----[Mr Arna Taylor](1/Oct/1987)(moin32@hotmail.com)(11 Greenwood Street, Newcomb, VIC 3219)(Tertiary education ID: 1583721)(Plan: FreedomNightsBonus)
8000010685255----[Mr Ashley Parkinson Reardon](25/Sep/1993)(lhjwgj@bigpond.com)(15 Blue Wren Rise, Carrum Downs, VIC 3201)(Tertiary education ID: 8989273)(Plan: FreedomNightsBonus)
8000010685248----[Mr Asif Rasool](10/Sep/1988)(x2hpbl@sohu.com)(83 Nunns Road, Mornington, VIC 3931)(Tertiary education ID: 5248601)(Plan: FreedomNightsBonus)
089197867----[Mr Ateeq Ahmed](27/Sep/1991)(iv8tsg@yahoo.com.au)(4 Nature Park Rise, Yarra Junction, VIC 3797)(Tertiary education ID: 7428434)(Plan: FreedomNightsBonus)
8000010685057----[Mr Ayah Sayara](15/May/1976)(cpfviv@live.com)(100 Durham Road, Surrey Hills, VIC 3127)(Tertiary education ID: 6540341)(Plan: FreedomNightsBonus)
8000010685040----[Mr Barrie Winslade](5/Nov/1970)(j5zyqh@hotmail.com)(5 Sheila Court, Thomastown, VIC 3074)(Tertiary education ID: 6120951)(Plan: FreedomNightsBonus)
8000010685024----[Mr Barry Askew](23/Aug/1993)(cew8uu@bigpond.com)(26 Vista Drive, Keilor East, VIC 3033)(Tertiary education ID: 7527214)(Plan: FreedomNightsBonus)
8000010685032----[Mr Bec Mysliwy](24/Oct/1994)(hkoeu2@sohu.com)(105 Station Street, Burwood, VIC 3125)(Tertiary education ID: 6433913)(Plan: FreedomNightsBonus)
089197651----[Mr Bethany Smart](13/Jan/1976)(v7v7c3@yeah.net)(31 Hillview Drive, Kilsyth, VIC 3137)(Tertiary education ID: 6037537)(Plan: FreedomNightsBonus)
8000010685099----[Mr Brett Bofinger](27/Apr/1987)(x7oli7@qq.com)(104 Shaftsbury Street, Coburg, VIC 3058)(Tertiary education ID: 6658799)(Plan: FreedomNightsBonus)
8000010685081----[Mr Brett Nutter](25/Feb/1978)(dl1w2k@yahoo.com.au)(71 McNamara Street, Macleod, VIC 3085)(Tertiary education ID: 4990024)(Plan: FreedomNightsBonus)
089197511----[Mr Brett Skinner](23/Nov/1987)(ngd0ao@qq.com)(58 Robinlee Avenue, Burwood East, VIC 3151)(Tertiary education ID: 6791037)(Plan: FreedomNightsBonus)
8000010685073----[Mr Brian Hage](9/Jun/1978)(mg0r27@163.com)(57 Woodville Street, Balwyn North, VIC 3104)(Tertiary education ID: 4672734)(Plan: FreedomNightsBonus)
8000010685065----[Mr Brooke Mccallum](1/Sep/1971)(tgtq8w@qq.com)(18 Colonus Street, Kurunjang, VIC 3337)(Tertiary education ID: 5715388)(Plan: FreedomNightsBonus)
8000010685115----[Mr Bruna Romano](13/Jul/1978)(pqshhs@qq.com)(3 Saxon Court, Oakleigh, VIC 3166)(Tertiary education ID: 7817092)(Plan: FreedomNightsBonus)
8000010685107----[Mr Carly Fuda](6/Jul/1981)(pj0b3f@hotmail.com)(71 McNamara Street, Macleod, VIC 3085)(Tertiary education ID: 6911742)(Plan: FreedomNightsBonus)
8000010685297----[Mr Casey Smith](5/Apr/1973)(t1wrv1@sohu.com)(90 Westlake Drive, Melton West, VIC 3337)(Tertiary education ID: 995504)(Plan: FreedomNightsBonus)
8000010685289----[Mr Catherine Greenaway](14/Oct/1975)(bo802g@126.com)(48 Mosman Close, Wantirna South, VIC 3152)(Tertiary education ID: 7892830)(Plan: FreedomNightsBonus)
8000010685131----[Mr Cathryn Zhao](11/Sep/1983)(l6kx7w@bigpond.com)(26 Vista Drive, Keilor East, VIC 3033)(Tertiary education ID: 5325631)(Plan: FreedomNightsBonus)
8000010685016----[Mr Cathy Griffin](9/Aug/1975)(gne5ya@hotmail.com)(7 Ambrose Court, Berwick, VIC 3806)(Tertiary education ID: 2490547)(Plan: FreedomNightsBonus)
089197875----[Mr Caylene Hall](19/Oct/1990)(jp8fst@163.com)(31 Hillview Drive, Kilsyth, VIC 3137)(Tertiary education ID: 4141658)(Plan: FreedomNightsBonus)
8000010685149----[Mr Chris Davies](1/Sep/1994)(dofsvz@yeah.net)(25 Robinson Street, Dandenong, VIC 3175)(Tertiary education ID: 1810112)(Plan: FreedomNightsBonus)
8000010685123----[Mr Christine Lane Sports](19/Sep/1977)(uy1aqs@163.com)(75 Almurta Avenue, Coolaroo, VIC 3048)(Tertiary education ID: 6533679)(Plan: FreedomNightsBonus)
8000010685479----[Mr Christine Ziebell](1/Nov/1977)(mwh8eo@yahoo.com.au)(23 Calder Highway, Diggers Rest, VIC 3427)(Tertiary education ID: 4176177)(Plan: FreedomNightsBonus)
8000010685347----[Mr Cold Front Air Conditioning](13/Sep/1985)(uh2t7w@qq.com)(218 Cheltenham Road, Keysborough, VIC 3173)(Tertiary education ID: 942126)(Plan: FreedomNightsBonus)
8000010685313----[Mr Cong Huynh](2/Jun/1988)(c2adyn@qq.com)(75 Almurta Avenue, Coolaroo, VIC 3048)(Tertiary education ID: 3972674)(Plan: FreedomNightsBonus)
8000010685305----[Mr Craig Foster](10/Oct/1988)(gaqqb0@yeah.net)(33 Orchard Crescent, Mont Albert North, VIC 3129)(Tertiary education ID: 2196993)(Plan: FreedomNightsBonus)
8000010685438----[Mr Damien Freeman](18/Feb/1988)(behf55@live.com)(183 Maroondah Highway, Chirnside Park, VIC 3116)(Tertiary education ID: 4714845)(Plan: FreedomNightsBonus)
089190177----[Mr Damon Pillinger](17/Jul/1971)(cfjszc@163.com)(57 Woodville Street, Balwyn North, VIC 3104)(Tertiary education ID: 5024209)(Plan: FreedomNightsBonus)
8000010685420----[Mr Daniel Diaz](23/Aug/1980)(smdrjo@sohu.com)(55 Brayshay Road, Newcomb, VIC 3219)(Tertiary education ID: 6539194)(Plan: FreedomNightsBonus)
089190169----[Mr Daniel Hendersongatt](6/Aug/1985)(n0iqge@126.com)(308 Pleasant Street South, Newington, VIC 3350)(Tertiary education ID: 6507148)(Plan: FreedomNightsBonus)
8000010685503----[Mr Daniel Sandoval](12/Oct/1982)(fx7q46@yeah.net)(33 Orchard Crescent, Mont Albert North, VIC 3129)(Tertiary education ID: 8122593)(Plan: FreedomNightsBonus)
8000010685412----[Mr Daryl Stewart](18/Mar/1978)(kkl63q@126.com)(33 Orchard Crescent, Mont Albert North, VIC 3129)(Tertiary education ID: 3833963)(Plan: FreedomNightsBonus)
8000010685446----[Mr David Heyworth](5/Mar/1974)(wgfj8b@yeah.net)(5 Toorak Court, Greensborough, VIC 3088)(Tertiary education ID: 8678233)(Plan: FreedomNightsBonus)
8000010685487----[Mr Dawn Ecclessimkins](15/Jun/1978)(mzg2ru@yahoo.com.au)(55 Mitchell Street, Maribyrnong, VIC 3032)(Tertiary education ID: 8815650)(Plan: FreedomNightsBonus)
8000010685362----[Mr Deb Ledgar](17/Jan/1988)(jxg0v2@sohu.com)(58 Robinlee Avenue, Burwood East, VIC 3151)(Tertiary education ID: 472409)(Plan: FreedomNightsBonus)
8000010685354----[Mr Deborah Kerrigan](26/Aug/1991)(ldrfvn@163.com)(208 Princes Street, Traralgon, VIC 3844)(Tertiary education ID: 1700828)(Plan: FreedomNightsBonus)
8000010685495----[Mr Deborah Tivey](16/Aug/1974)(bkvcy5@gmail.com)(100 Durham Road, Surrey Hills, VIC 3127)(Tertiary education ID: 6376353)(Plan: FreedomNightsBonus)
8000010685396----[Mr Dipesh Lakhani](5/Jan/1986)(ba8nwg@yeah.net)(15 Midnight Rise, Cranbourne East, VIC 3977)(Tertiary education ID: 4206813)(Plan: FreedomNightsBonus)
8000010685388----[Mr Dominic Ventrice](21/Jun/1973)(ljno0c@gmail.com)(18 Colonus Street, Kurunjang, VIC 3337)(Tertiary education ID: 6441425)(Plan: FreedomNightsBonus)
8000010685370----[Mr Dominic Wong](14/Mar/1994)(uodwn2@sohu.com)(3A Thornton Crescent, Mitcham, VIC 3132)(Tertiary education ID: 6039265)(Plan: FreedomNightsBonus)
8000010685156----[Mr Don Nicholson](22/Mar/1973)(qeq8cn@yeah.net)(63 Myers Road, Bittern, VIC 3918)(Tertiary education ID: 6747747)(Plan: FreedomNightsBonus)
089197644----[Mr Dylan Swepson](12/Feb/1988)(soi2x2@sohu.com)(24 Platypus Drive, Mt Clear, VIC 3350)(Tertiary education ID: 7791693)(Plan: FreedomNightsBonus)
8000010685214----[Mr Elaine Aa Mocchi](23/Jun/1974)(y5y62z@yeah.net)(49A Grange Road, Caulfield East, VIC 3145)(Tertiary education ID: 5768336)(Plan: FreedomNightsBonus)
8000010685404----[Mr Elaine Dunn](12/Apr/1980)(eeky4q@yahoo.com.au)(78 Raphael Crescent, Frankston, VIC 3199)(Tertiary education ID: 8708259)(Plan: FreedomNightsBonus)
8000010685164----[Mr Elisa Dean](20/Jan/1978)(ipkb1e@gmail.com)(31 Hillview Drive, Kilsyth, VIC 3137)(Tertiary education ID: 7636957)(Plan: FreedomNightsBonus)
8000010685339----[Mr Emiko Wong](22/Nov/1994)(fktduv@yahoo.com.au)(5 Sheila Court, Thomastown, VIC 3074)(Tertiary education ID: 4001510)(Plan: FreedomNightsBonus)
8000010685321----[Mr Emma Mackie](19/Sep/1973)(bofv7u@126.com)(7 Ambrose Court, Berwick, VIC 3806)(Tertiary education ID: 1905709)(Plan: FreedomNightsBonus)
8000010685461----[Mr Erin Maloney](25/Oct/1973)(prym4v@live.com)(128 Easey Street, Collingwood, VIC 3066)(Tertiary education ID: 7841859)(Plan: FreedomNightsBonus)
089197719----[Mr Evelyn Cruz](21/Sep/1971)(puwqz3@126.com)(21 Glendale Court, Kilsyth, VIC 3137)(Tertiary education ID: 3887451)(Plan: FreedomNightsBonus)
8000010685453----[Mr Evieray Hersom](12/Sep/1977)(bj6fyr@qq.com)(44 Carlisle Street, St Kilda, VIC 3182)(Tertiary education ID: 51194)(Plan: FreedomNightsBonus)
8000028221275----[Mr Gary Vandersteen](10/Sep/1994)(qe4p5y@yahoo.com.au)(9B Aurisch Avenue, Glen Waverley, VIC 3150)(Tertiary education ID: 6563202)(Plan: FreedomNightsBonus)
8000028221069----[Mr Geoff Mitchell](4/Feb/1993)(gpwidh@gmail.com)(24 Platypus Drive, Mt Clear, VIC 3350)(Tertiary education ID: 732027)(Plan: FreedomNightsBonus)
8000028221077----[Mr George Panagiotidis](5/Mar/1984)(fyftbv@qq.com)(18 Andrew Street, Northcote, VIC 3070)(Tertiary education ID: 302062)(Plan: FreedomNightsBonus)
8000028221176----[Mr Gerry Hill](2/May/1983)(p72c18@163.com)(10 Olivia Way, Hastings, VIC 3915)(Tertiary education ID: 7439867)(Plan: FreedomNightsBonus)
8000028221416----[Mr Girish Buskalowa](5/Aug/1990)(t07l1f@qq.com)(90 Westlake Drive, Melton West, VIC 3337)(Tertiary education ID: 2025587)(Plan: FreedomNightsBonus)
089197636----[Mr Glaydson Caetano Silva](22/Nov/1995)(c2v2uk@gmail.com)(218 Cheltenham Road, Keysborough, VIC 3173)(Tertiary education ID: 1641886)(Plan: FreedomNightsBonus)
8000028221507----[Mr Graeme Robinson](10/Sep/1993)(rs5fkv@gmail.com)(218 Cheltenham Road, Keysborough, VIC 3173)(Tertiary education ID: 102869)(Plan: FreedomNightsBonus)
089197701----[Mr Helen Miskell](27/Mar/1986)(rejf17@bigpond.com)(78 Raphael Crescent, Frankston, VIC 3199)(Tertiary education ID: 6558895)(Plan: FreedomNightsBonus)
089190417----[Mr Ian Longney](11/Jan/1990)(ybs4r5@hotmail.com)(55 Mitchell Street, Maribyrnong, VIC 3032)(Tertiary education ID: 7928168)(Plan: FreedomNightsBonus)
8000028221127----[Mr Ian Telley](24/Jan/1973)(mk013s@hotmail.com)(44 Carlisle Street, St Kilda, VIC 3182)(Tertiary education ID: 3878243)(Plan: FreedomNightsBonus)
8000028221051----[Mr Ilka Samaniego](16/Jul/1994)(scudik@yahoo.com.au)(218 Cheltenham Road, Keysborough, VIC 3173)(Tertiary education ID: 3952925)(Plan: FreedomNightsBonus)
089197602----[Mr Imogene Malcolm](4/May/1971)(euzugb@sohu.com)(13 Belford Avenue, Kew East, VIC 3102)(Tertiary education ID: 1273068)(Plan: FreedomNightsBonus)
8000028221150----[Mr Imran Malik](1/Jun/1973)(e8blvs@126.com)(11 Greenwood Street, Newcomb, VIC 3219)(Tertiary education ID: 2540355)(Plan: FreedomNightsBonus)
8000028221044----[Mr Jade Powell](1/Jan/1994)(efetjc@qq.com)(865 High Street Road, Glen Waverley, VIC 3150)(Tertiary education ID: 3704454)(Plan: FreedomNightsBonus)
8000028221143----[Mr Jairo Martinez](22/May/1991)(jmwl0g@yahoo.com.au)(183 Maroondah Highway, Chirnside Park, VIC 3116)(Tertiary education ID: 7646365)(Plan: FreedomNightsBonus)
8000028221168----[Mr James Earl](1/Jul/1976)(w1bmxl@gmail.com)(26 Vista Drive, Keilor East, VIC 3033)(Tertiary education ID: 2419246)(Plan: FreedomNightsBonus)
8000028221135----[Mr Janae Purdie](7/Jul/1980)(ypx3mg@sohu.com)(7 Ambrose Court, Berwick, VIC 3806)(Tertiary education ID: 6158468)(Plan: FreedomNightsBonus)
8000028221028----[Mr Jarrod Goon](10/Jun/1985)(oek4dk@163.com)(104 Shaftsbury Street, Coburg, VIC 3058)(Tertiary education ID: 2704957)(Plan: FreedomNightsBonus)
8000028221184----[Mr Jeff Gartner](8/Apr/1988)(nxnwpv@hotmail.com)(88 Robertson Street, Morwell, VIC 3840)(Tertiary education ID: 4038747)(Plan: FreedomNightsBonus)
8000028221473----[Mr Jeffrey Goode](21/Jan/1990)(u0mo6l@163.com)(9B Aurisch Avenue, Glen Waverley, VIC 3150)(Tertiary education ID: 3407328)(Plan: FreedomNightsBonus)
8000028221465----[Mr Jema Mcewan](10/Nov/1978)(gmrr1f@hotmail.com)(9B Aurisch Avenue, Glen Waverley, VIC 3150)(Tertiary education ID: 3902221)(Plan: FreedomNightsBonus)
8000028221457----[Mr Jeneen Cullen](21/Jul/1975)(urcll6@hotmail.com)(98 Blackburn Road, Blackburn, VIC 3130)(Tertiary education ID: 7054374)(Plan: FreedomNightsBonus)
089197693----[Mr Jennifer Frampton](2/Sep/1978)(p23r3m@hotmail.com)(183 Maroondah Highway, Chirnside Park, VIC 3116)(Tertiary education ID: 1643407)(Plan: FreedomNightsBonus)
8000028221036----[Mr Jenny Davis](18/Nov/1993)(kf2zj6@sohu.com)(5 Toorak Court, Greensborough, VIC 3088)(Tertiary education ID: 1027315)(Plan: FreedomNightsBonus)
8000028221374----[Mr Jenny Dordevic](15/Sep/1992)(toq0ho@hotmail.com)(7 Ambrose Court, Berwick, VIC 3806)(Tertiary education ID: 417363)(Plan: FreedomNightsBonus)
8000028221499----[Mr Jenny Ng](6/Apr/1992)(h1cl64@qq.com)(22 Seventh Avenue, Altona North, VIC 3025)(Tertiary education ID: 7453683)(Plan: FreedomNightsBonus)
8000028221481----[Mr Jenny Su](7/Mar/1985)(vrg2uj@yeah.net)(17 Aspera Way, Kangaroo Flat, VIC 3555)(Tertiary education ID: 7043293)(Plan: FreedomNightsBonus)
8000028221119----[Mr Jessica Anestoudis](11/Feb/1973)(mf13fx@sohu.com)(7 Ambrose Court, Berwick, VIC 3806)(Tertiary education ID: 3516477)(Plan: FreedomNightsBonus)
8000028221341----[Mr Jie Su](11/Jun/1987)(ypn1xz@yahoo.com.au)(26 Vista Drive, Keilor East, VIC 3033)(Tertiary education ID: 7476205)(Plan: FreedomNightsBonus)
8000028221259----[Mr Jim Hyland](8/Nov/1992)(byxwz2@gmail.com)(626 Victoria Street, North Melbourne, VIC 3051)(Tertiary education ID: 8336736)(Plan: FreedomNightsBonus)
8000028221358----[Mr Jolene Clifton](13/Mar/1983)(wergcb@163.com)(19 Salisbury Road, Ashwood, VIC 3147)(Tertiary education ID: 1772601)(Plan: FreedomNightsBonus)
8000028221366----[Mr Justin Bradshaw](22/Nov/1980)(j7usa7@bigpond.com)(11 Greenwood Street, Newcomb, VIC 3219)(Tertiary education ID: 7922029)(Plan: FreedomNightsBonus)
Activation log on 2014-December-11 (SIM cards activated)
8000028221093----[Mr Justin Tuddenham](6/Oct/1988)(e81s3x@163.com)(12 Lancaster Avenue, Narre Warren, VIC 3805)(Tertiary education ID: 5722212)(Plan: FreedomNightsBonus)
8000028221101----[Mr Katie Kelly](20/Sep/1974)(xnso00@live.com)(24 Platypus Drive, Mt Clear, VIC 3350)(Tertiary education ID: 2006338)(Plan: FreedomNightsBonus)
8000028221192----[Mr Kaylie Hollins](25/Feb/1984)(y48dap@126.com)(24 Platypus Drive, Mt Clear, VIC 3350)(Tertiary education ID: 3574721)(Plan: FreedomNightsBonus)
8000028221440----[Mr Kelly Norman](20/May/1986)(rm3fye@163.com)(32 Long Street, Langwarrin, VIC 3910)(Tertiary education ID: 4389783)(Plan: FreedomNightsBonus)
8000028221317----[Mr Kim Hefrenwebb](26/Jan/1973)(q8kge6@qq.com)(48 Mosman Close, Wantirna South, VIC 3152)(Tertiary education ID: 4116038)(Plan: FreedomNightsBonus)
8000028221325----[Mr Kirby Mileto](25/Aug/1990)(l8ldsh@yeah.net)(26 Vista Drive, Keilor East, VIC 3033)(Tertiary education ID: 3074611)(Plan: FreedomNightsBonus)
8000028221333----[Mr Kirsty Dausmann](7/Apr/1994)(xxq0gy@163.com)(5 Leake Court, Altona Meadows, VIC 3028)(Tertiary education ID: 2301828)(Plan: FreedomNightsBonus)
8000028221085----[Mr Kristina Koman](26/Nov/1988)(ri4set@yeah.net)(2 Saxonwood Drive, Narre Warren, VIC 3805)(Tertiary education ID: 2351978)(Plan: FreedomNightsBonus)
8000028221432----[Mr Lauren Tabone](25/Sep/1981)(jkxf1w@yahoo.com.au)(183 Maroondah Highway, Chirnside Park, VIC 3116)(Tertiary education ID: 4568995)(Plan: FreedomNightsBonus)
8000028221424----[Mr Lawrence Boyanov](15/Feb/1975)(bk5rvi@163.com)(10 Breton Street, Warrnambool, VIC 3280)(Tertiary education ID: 273308)(Plan: FreedomNightsBonus)
8000028221309----[Mr Lee Ryleigh](2/Nov/1995)(lwq7lt@hotmail.com)(18 Colonus Street, Kurunjang, VIC 3337)(Tertiary education ID: 2222699)(Plan: FreedomNightsBonus)
8000010685180----[Mr Lisa Sutton](9/May/1988)(pse5db@gmail.com)(10 Olivia Way, Hastings, VIC 3915)(Tertiary education ID: 2986505)(Plan: FreedomNightsBonus)
8000028221218----[Mr Lulu Sant](2/Jul/1984)(ei43jg@hotmail.com)(5 Sheila Court, Thomastown, VIC 3074)(Tertiary education ID: 7103473)(Plan: FreedomNightsBonus)
8000028221200----[Mr Malina Minervini](12/Nov/1994)(fel6c1@qq.com)(90 Westlake Drive, Melton West, VIC 3337)(Tertiary education ID: 2705063)(Plan: FreedomNightsBonus)
8000028221226----[Mr Liam Wickson](16/Feb/1973)(xjq866@yeah.net)(68 Bellfield Drive, Craigieburn, VIC 3064)(Tertiary education ID: 4234274)(Plan: FreedomNightsBonus)
8000028221267----[Mr Mark Aa Wilson](12/Jan/1987)(qfbvsx@qq.com)(13 Dawayne Street, Burwood East, VIC 3151)(Tertiary education ID: 8418317)(Plan: FreedomNightsBonus)
8000028221242----[Mr Mark Collard](12/Sep/1971)(x6c74u@yahoo.com.au)(34 Clifford Street, Huntingdale, VIC 3166)(Tertiary education ID: 2851920)(Plan: FreedomNightsBonus)
089197586----[Mr Mary Vella](23/Mar/1985)(u7bfd7@yahoo.com.au)(105 Plenty Road, Preston, VIC 3072)(Tertiary education ID: 2571995)(Plan: FreedomNightsBonus)
8000028221234----[Mr Matt Dudley](10/Sep/1983)(oc8ubu@qq.com)(23 Calder Highway, Diggers Rest, VIC 3427)(Tertiary education ID: 5682199)(Plan: FreedomNightsBonus)
8000028221283----[Mr Maynard Borbe](1/May/1985)(h1tycc@yahoo.com.au)(83 Nunns Road, Mornington, VIC 3931)(Tertiary education ID: 2146375)(Plan: FreedomNightsBonus)
8000028221291----[Mr Megan Mccaughey](13/Jan/1984)(bco2vi@bigpond.com)(18 Boxtree Road, Montrose, VIC 3765)(Tertiary education ID: 2302211)(Plan: FreedomNightsBonus)
8000028221382----[Mr Melinda Conroy](4/Jun/1987)(fi8gsb@qq.com)(102 Raleigh Road, Maribyrnong, VIC 3032)(Tertiary education ID: 6958040)(Plan: FreedomNightsBonus)
8000028221390----[Mr Mendi Junus](21/Jun/1982)(iyc3l7@qq.com)(183 Maroondah Highway, Chirnside Park, VIC 3116)(Tertiary education ID: 4840534)(Plan: FreedomNightsBonus)
089190052----[Mr Michelle Blazek](10/Feb/1992)(q21clr@yeah.net)(7 Ambrose Court, Berwick, VIC 3806)(Tertiary education ID: 211064)(Plan: FreedomNightsBonus)
089190045----[Mr Michelle Fredricks](10/Aug/1974)(vcjgab@yahoo.com.au)(218 Cheltenham Road, Keysborough, VIC 3173)(Tertiary education ID: 8275612)(Plan: FreedomNightsBonus)
089190037----[Mr Mick Craig](17/Sep/1993)(v8w1sz@163.com)(218 Cheltenham Road, Keysborough, VIC 3173)(Tertiary education ID: 5598143)(Plan: FreedomNightsBonus)
089190029----[Mr Milad Khojasteh Yekta](22/Jun/1990)(mroh0d@bigpond.com)(71 McNamara Street, Macleod, VIC 3085)(Tertiary education ID: 2050667)(Plan: FreedomNightsBonus)
089190011----[Mr Miranda Bonisch](24/Jan/1994)(p0oalp@live.com)(13A Hillcrest Avenue, Ferntree Gully, VIC 3156)(Tertiary education ID: 6360019)(Plan: FreedomNightsBonus)
089197594----[Mr Mitchell Jj Davies](12/Apr/1975)(rxout7@live.com)(626 Victoria Street, North Melbourne, VIC 3051)(Tertiary education ID: 8125386)(Plan: FreedomNightsBonus)
089190409----[Mr Nathan Anderson](27/Nov/1976)(yqzev1@126.com)(5 Leake Court, Altona Meadows, VIC 3028)(Tertiary education ID: 5629961)(Plan: FreedomNightsBonus)
089190383----[Mr Nathan Hill](14/Jul/1980)(j81ei7@126.com)(71 McNamara Street, Macleod, VIC 3085)(Tertiary education ID: 4204065)(Plan: FreedomNightsBonus)
089190375----[Mr Nathan Thornhill](24/Jul/1973)(oueyxc@126.com)(10 Simmons Street, Box Hill North, VIC 3129)(Tertiary education ID: 5102162)(Plan: FreedomNightsBonus)
089190367----[Mr Nguyen Phuong Thao Dinh](16/May/1974)(bbia6q@bigpond.com)(23 Hertford Road, Sunshine, VIC 3020)(Tertiary education ID: 8891196)(Plan: FreedomNightsBonus)
089190359----[Mr Nick Baarendse](14/Aug/1990)(gbkn34@hotmail.com)(11 Greenwood Street, Newcomb, VIC 3219)(Tertiary education ID: 3232495)(Plan: FreedomNightsBonus)
089190342----[Mr Nikolai Grabner](6/May/1987)(dj0aqx@gmail.com)(9B Aurisch Avenue, Glen Waverley, VIC 3150)(Tertiary education ID: 5067291)(Plan: FreedomNightsBonus)
089190151----[Mr Nilupa Pagoda Aarachchige](23/Aug/1973)(a4b3dj@live.com)(26 Chantelle Parade, Tarneit, VIC 3029)(Tertiary education ID: 962798)(Plan: FreedomNightsBonus)
089190334----[Mr Norman Box](23/Mar/1977)(boutkg@163.com)(4 Sinns Avenue, Werribee, VIC 3030)(Tertiary education ID: 2454474)(Plan: FreedomNightsBonus)
089190326----[Mr Patrice Dell](26/Feb/1970)(audqwa@qq.com)(10 Simmons Street, Box Hill North, VIC 3129)(Tertiary education ID: 6953943)(Plan: FreedomNightsBonus)
089190318----[Mr Pauline Mitchell](18/Feb/1971)(biyk5g@bigpond.com)(15 Midnight Rise, Cranbourne East, VIC 3977)(Tertiary education ID: 3642110)(Plan: FreedomNightsBonus)
089190466----[Mr Quan Tran](7/Aug/1985)(azsxli@126.com)(128 Easey Street, Collingwood, VIC 3066)(Tertiary education ID: 1849060)(Plan: FreedomNightsBonus)
089190300----[Mr Rachel Finlayson](14/Feb/1970)(cq2qlg@live.com)(13 Belford Avenue, Kew East, VIC 3102)(Tertiary education ID: 6409786)(Plan: FreedomNightsBonus)
089190292----[Mr Ravi Inder Singh](22/Jul/1984)(n08kro@yeah.net)(105 Plenty Road, Preston, VIC 3072)(Tertiary education ID: 1197225)(Plan: FreedomNightsBonus)
089190284----[Mr Rebecca Clark](11/Sep/1972)(j0dmrc@yeah.net)(21 Jamboree Avenue, Frankston South, VIC 3199)(Tertiary education ID: 8169046)(Plan: FreedomNightsBonus)
089190276----[Mr Reina Schinkel](10/Feb/1972)(nxkfjk@gmail.com)(100 Durham Road, Surrey Hills, VIC 3127)(Tertiary education ID: 5135814)(Plan: FreedomNightsBonus)
089190268----[Mr Richard Jones](21/Jul/1994)(yb5nze@163.com)(48 Mosman Close, Wantirna South, VIC 3152)(Tertiary education ID: 2259099)(Plan: FreedomNightsBonus)
089190250----[Mr Robbie Elliott](5/Feb/1991)(gqnyvv@yahoo.com.au)(4 Morley Crescent, Highett, VIC 3190)(Tertiary education ID: 8308298)(Plan: FreedomNightsBonus)
089190243----[Mr Rodney James](14/Feb/1975)(bjgkjr@126.com)(31 Hillview Drive, Kilsyth, VIC 3137)(Tertiary education ID: 4078664)(Plan: FreedomNightsBonus)
089190235----[Mr Ron Mc Donell](11/Aug/1970)(re4ovd@qq.com)(10 Olivia Way, Hastings, VIC 3915)(Tertiary education ID: 5350943)(Plan: FreedomNightsBonus)
089197610----[Mr Rosie Browne](4/Nov/1977)(jusfws@bigpond.com)(5 Leake Court, Altona Meadows, VIC 3028)(Tertiary education ID: 6159994)(Plan: FreedomNightsBonus)
089190227----[Mr Ross Carter](18/Jun/1993)(oazvqf@126.com)(491 Springhill Road, Spring Hill, VIC 3444)(Tertiary education ID: 2761123)(Plan: FreedomNightsBonus)
089190219----[Mr Ruth Drennan](4/Oct/1988)(wgotwq@163.com)(57 Woodville Street, Balwyn North, VIC 3104)(Tertiary education ID: 1449656)(Plan: FreedomNightsBonus)
089190201----[Mr Ruth Moniz Silva](6/Jul/1994)(dh3b1i@bigpond.com)(10 Olivia Way, Hastings, VIC 3915)(Tertiary education ID: 226661)(Plan: FreedomNightsBonus)
089190193----[Mr Samantha Barquero](17/Jul/1994)(y8bpwx@bigpond.com)(88 Robertson Street, Morwell, VIC 3840)(Tertiary education ID: 4295713)(Plan: FreedomNightsBonus)
089190508----[Mr Sandy Reynolds](20/Jul/1983)(nry0fx@yahoo.com.au)(49A Grange Road, Caulfield East, VIC 3145)(Tertiary education ID: 4598942)(Plan: FreedomNightsBonus)
089197578----[Mr Shahn Sadler](4/Aug/1971)(gsdps6@bigpond.com)(24 Platypus Drive, Mt Clear, VIC 3350)(Tertiary education ID: 4370596)(Plan: FreedomNightsBonus)
089190482----[Mr Shannon Thompson](15/Oct/1984)(wh0yz2@163.com)(3 Saxon Court, Oakleigh, VIC 3166)(Tertiary education ID: 485552)(Plan: FreedomNightsBonus)
089190441----[Mr Sharon Mcmanus](7/Nov/1985)(jrfrmt@live.com)(105 Station Street, Burwood, VIC 3125)(Tertiary education ID: 7995536)(Plan: FreedomNightsBonus)
089190144----[Mr Shaun Li](4/Nov/1974)(y37pig@126.com)(23 Cirai Crescent, Cranbourne West, VIC 3977)(Tertiary education ID: 334388)(Plan: FreedomNightsBonus)
089197776----[Mr Shaun Beck](14/Oct/1993)(f5ycyf@163.com)(7 Ambrose Court, Berwick, VIC 3806)(Tertiary education ID: 2386073)(Plan: FreedomNightsBonus)
089197685----[Mr Shilpa Vashisht](11/Nov/1973)(ojihny@gmail.com)(88 Robertson Street, Morwell, VIC 3840)(Tertiary education ID: 7917247)(Plan: FreedomNightsBonus)
089197768----[Mr Simon Bunde](1/Sep/1990)(fbf5ti@163.com)(3 Tuttawatta Road, Selby, VIC 3159)(Tertiary education ID: 5504992)(Plan: FreedomNightsBonus)
089197750----[Mr Steven Abrahams](5/Mar/1985)(x2a10m@bigpond.com)(15 Blue Wren Rise, Carrum Downs, VIC 3201)(Tertiary education ID: 967231)(Plan: FreedomNightsBonus)
089190391----[Mr Sue Johnson](12/Jun/1971)(xl8pzj@live.com)(487 Mt Alexander Road, Moonee Ponds, VIC 3039)(Tertiary education ID: 4709307)(Plan: FreedomNightsBonus)
089197545----[Mr Sue Matthews](7/Sep/1985)(eo24km@live.com)(4 Morley Crescent, Highett, VIC 3190)(Tertiary education ID: 6107368)(Plan: FreedomNightsBonus)
8000010685172----[Mr Suneela Deo](16/Mar/1983)(gh6kxb@sohu.com)(15 Midnight Rise, Cranbourne East, VIC 3977)(Tertiary education ID: 2473288)(Plan: FreedomNightsBonus)
089197537----[Mr Susanne Pringle](4/Jul/1994)(uujyh0@qq.com)(19 Petre Avenue, Altona Meadows, VIC 3028)(Tertiary education ID: 4910977)(Plan: FreedomNightsBonus)
089197529----[Mr Sven Pedersen](3/Sep/1992)(vazidb@hotmail.com)(124 Keon Street, Thornbury, VIC 3071)(Tertiary education ID: 1968980)(Plan: FreedomNightsBonus)
089197727----[Mr Tammy Vogler](7/Feb/1978)(bz7whx@live.com)(33 Orchard Crescent, Mont Albert North, VIC 3129)(Tertiary education ID: 1730516)(Plan: FreedomNightsBonus)
089197933----[Mr Tania Murray](5/Sep/1970)(vmills@bigpond.com)(19 Salisbury Road, Ashwood, VIC 3147)(Tertiary education ID: 6014406)(Plan: FreedomNightsBonus)
089197925----[Mr Tanzilla Rahim](7/Aug/1971)(r7bpiz@126.com)(17 Aspera Way, Kangaroo Flat, VIC 3555)(Tertiary education ID: 7088451)(Plan: FreedomNightsBonus)
089197917----[Mr Tara Hilet](17/Jun/1984)(jwlaer@gmail.com)(865 High Street Road, Glen Waverley, VIC 3150)(Tertiary education ID: 6537159)(Plan: FreedomNightsBonus)
089197552----[Mr Tayla Somers](20/Mar/1971)(tnb2zz@live.com)(865 High Street Road, Glen Waverley, VIC 3150)(Tertiary education ID: 982386)(Plan: FreedomNightsBonus)
089197909----[Mr Terry Monaghan](27/Mar/1977)(evjs3l@live.com)(9 Miller Street, Thornbury, VIC 3071)(Tertiary education ID: 3937785)(Plan: FreedomNightsBonus)
089197966----[Mr Theo Nicopoulos](23/Feb/1986)(n5j4hj@bigpond.com)(21 Glendale Court, Kilsyth, VIC 3137)(Tertiary education ID: 7333240)(Plan: FreedomNightsBonus)
089197958----[Mr Tim Johnsen](19/Mar/1984)(xy5imq@live.com)(17 St Laurent Rise, Knoxfield, VIC 3180)(Tertiary education ID: 2302411)(Plan: FreedomNightsBonus)
089197941----[Mr Torrance Drummond](11/Jul/1985)(ch1ius@qq.com)(208 Princes Street, Traralgon, VIC 3844)(Tertiary education ID: 8149467)(Plan: FreedomNightsBonus)
089198006----[Mr Treasure Hair Beauty](2/Jun/1971)(y7ptwc@gmail.com)(1 Arwon Court, New Gisborne, VIC 3438)(Tertiary education ID: 1422537)(Plan: FreedomNightsBonus)
089197982----[Mr Trevor Gordon](8/Oct/1985)(k2l6di@yeah.net)(13 School Road, Ferny Creek, VIC 3786)(Tertiary education ID: 7855418)(Plan: FreedomNightsBonus)
089197974----[Mr Trinette Kelly](21/Sep/1980)(lsew0n@hotmail.com)(57 Woodville Street, Balwyn North, VIC 3104)(Tertiary education ID: 8846304)(Plan: FreedomNightsBonus)
089197883----[Mr Vicki Bassanelli](10/Feb/1995)(apto4x@sohu.com)(525 Kings Road, Taylors Lakes, VIC 3038)(Tertiary education ID: 7970919)(Plan: FreedomNightsBonus)
089197735----[Mr Vittoria Demarte](26/Feb/1993)(xyx2rr@bigpond.com)(44 Carlisle Street, St Kilda, VIC 3182)(Tertiary education ID: 4363121)(Plan: FreedomNightsBonus)
089197891----[Mr Wendi Pruha](15/Sep/1987)(usn7lg@yeah.net)(15 Midnight Rise, Cranbourne East, VIC 3977)(Tertiary education ID: 4749244)(Plan: FreedomNightsBonus)
089197990----[Mr Wendy Hilton](2/Jul/1990)(cxe0nh@bigpond.com)(31 Hillview Drive, Kilsyth, VIC 3137)(Tertiary education ID: 8206243)(Plan: FreedomNightsBonus)
089197784----[Mr Wimmera Software Development](7/Jun/1978)(qdkrvf@live.com)(100 Durham Road, Surrey Hills, VIC 3127)(Tertiary education ID: 2565080)(Plan: FreedomNightsBonus)
089197818----[Mr Yin Min Aye](21/Apr/1981)(ifdpd7@sohu.com)(15 Midnight Rise, Cranbourne East, VIC 3977)(Tertiary education ID: 6030305)(Plan: FreedomNightsBonus)
089197800----[Mr Young Choi](15/Mar/1994)(dtwc1o@126.com)(13 School Road, Ferny Creek, VIC 3786)(Tertiary education ID: 7391288)(Plan: FreedomNightsBonus)
089197792----[Mr Zeina Baz](11/Apr/1983)(j02xjn@163.com)(13 School Road, Ferny Creek, VIC 3786)(Tertiary education ID: 3208143)(Plan: FreedomNightsBonus)
089197743----[Mr Zena Junek](6/Apr/1991)(ie3h7l@live.com)(68 Bellfield Drive, Craigieburn, VIC 3064)(Tertiary education ID: 2977610)(Plan: FreedomNightsBonus)
089197859----[Mr Amanda Park](2/May/1992)(o8gx14@sohu.com)(104 Shaftsbury Street, Coburg, VIC 3058)(Tertiary education ID: 3909294)(Plan: FreedomNightsBonus)
089197842----[Mr Anne Abela](10/Mar/1981)(p7l6n5@126.com)(491 Springhill Road, Spring Hill, VIC 3444)(Tertiary education ID: 725819)(Plan: FreedomNightsBonus)
089197628----[Mr Annie Barr](26/Jul/1977)(wp4sdy@126.com)(75 Almurta Avenue, Coolaroo, VIC 3048)(Tertiary education ID: 3627761)(Plan: FreedomNightsBonus)
089197834----[Mr Connie Rothery](9/Jan/1985)(srmb14@sohu.com)(19 Salisbury Road, Ashwood, VIC 3147)(Tertiary education ID: 8389625)(Plan: FreedomNightsBonus)
089197826----[Mr Kathy Ward](27/May/1983)(cfxqrv@qq.com)(100 Durham Road, Surrey Hills, VIC 3127)(Tertiary education ID: 566112)(Plan: FreedomNightsBonus)
089197560----[Mr Lawrence Lin](22/Feb/1991)(swip7p@sohu.com)(18 Boxtree Road, Montrose, VIC 3765)(Tertiary education ID: 7775151)(Plan: FreedomNightsBonus)
088227343----[Mr Adam Goebel](6/Sep/1978)(fctt6z@sohu.com)(865 High Street Road, Glen Waverley, VIC 3150)(Tertiary education ID: 4444379)(Plan: FreedomNightsBonus)
088227335----[Mr Adam Wagemakers](11/Jan/1972)(f6furf@yeah.net)(21 Jamboree Avenue, Frankston South, VIC 3199)(Tertiary education ID: 5505635)(Plan: FreedomNightsBonus)
088227327----[Mr Adrian Vincenzo](19/Jan/1971)(hluuw2@yeah.net)(7 Ambrose Court, Berwick, VIC 3806)(Tertiary education ID: 4663844)(Plan: FreedomNightsBonus)
088227319----[Mr Aida Naderi](22/Jul/1992)(tg37kb@yahoo.com.au)(487 Mt Alexander Road, Moonee Ponds, VIC 3039)(Tertiary education ID: 6584680)(Plan: FreedomNightsBonus)
088227509----[Mr Alexander Rexstraw](25/Aug/1981)(aajvon@yahoo.com.au)(5 Toorak Court, Greensborough, VIC 3088)(Tertiary education ID: 5236693)(Plan: FreedomNightsBonus)
Activation log on 2014-December-15 (SIM cards activated)
088227491----[Mr Alfiani Eustace](2014-12-15 10:00:05)(20/Jun/1993)(ohmp0b@126.com)(105 Station Street, Burwood, VIC 3125)(Tertiary education ID: 7237157)(Plan: FreedomNightsBonus)
088227483----[Mr Alyce Carhart](2014-12-15 10:02:23)(12/Jul/1980)(w3j56d@gmail.com)(128 Easey Street, Collingwood, VIC 3066)(Tertiary education ID: 6132608)(Plan: FreedomNightsBonus)
088227475----[Mr Amanda Patrick](2014-12-15 10:03:28)(2/Feb/1983)(s26c2q@yeah.net)(13A Hillcrest Avenue, Ferntree Gully, VIC 3156)(Tertiary education ID: 71711)(Plan: FreedomNightsBonus)
088227467----[Mr Amandeep Singh](2014-12-15 10:05:11)(9/Jun/1990)(s6zwmd@hotmail.com)(4 Nature Park Rise, Yarra Junction, VIC 3797)(Tertiary education ID: 8802630)(Plan: FreedomNightsBonus)
088227459----[Mr Amy Guest](2014-12-15 10:06:20)(6/Jan/1974)(j0l178@qq.com)(7 Ambrose Court, Berwick, VIC 3806)(Tertiary education ID: 5440868)(Plan: FreedomNightsBonus)
088227442----[Mr Anan Sirimanotham](2014-12-15 10:07:51)(1/Nov/1982)(m4366s@126.com)(26 Vista Drive, Keilor East, VIC 3033)(Tertiary education ID: 2936572)(Plan: FreedomNightsBonus)
088227434----[Mr Andrew Wilkin](2014-12-15 10:08:45)(24/Jul/1992)(xjn4rt@live.com)(1 Arwon Court, New Gisborne, VIC 3438)(Tertiary education ID: 7739680)(Plan: FreedomNightsBonus)
088227426----[Mr Andry Gunawan](2014-12-15 10:09:35)(2/May/1992)(kex8qr@126.com)(19A Wilson Street, Brighton, VIC 3186)(Tertiary education ID: 8998269)(Plan: FreedomNightsBonus)
088227285----[Mr Ashley Sargent](2014-12-15 10:11:34)(17/Apr/1992)(npazbc@yahoo.com.au)(19 Petre Avenue, Altona Meadows, VIC 3028)(Tertiary education ID: 8999374)(Plan: FreedomNightsBonus)
089194542----[Mr Belinda Mcdonnell](2014-12-15 10:12:39)(27/Jul/1990)(j8wu2d@bigpond.com)(11 Greenwood Street, Newcomb, VIC 3219)(Tertiary education ID: 4247522)(Plan: FreedomNightsBonus)
088227277----[Mr Benita Torrance](2014-12-15 10:14:07)(15/Aug/1970)(hsvibe@sohu.com)(3 Saxon Court, Oakleigh, VIC 3166)(Tertiary education ID: 3844690)(Plan: FreedomNightsBonus)
089194658----[Mr Boris Cucanic](2014-12-15 10:15:34)(7/Sep/1976)(yvi51y@gmail.com)(13A Hillcrest Avenue, Ferntree Gully, VIC 3156)(Tertiary education ID: 4585777)(Plan: FreedomNightsBonus)
089194666----[Mr Brett Nolan](2014-12-15 10:16:29)(16/Feb/1992)(gw2tv6@qq.com)(63 Myers Road, Bittern, VIC 3918)(Tertiary education ID: 3295817)(Plan: FreedomNightsBonus)
088227269----[Mr Brittney Johnston](2014-12-15 10:17:23)(4/Apr/1978)(oe42z2@qq.com)(19 Salisbury Road, Ashwood, VIC 3147)(Tertiary education ID: 2146031)(Plan: FreedomNightsBonus)
088227251----[Mr Brooke Dodds](2014-12-15 10:18:18)(5/May/1990)(gf1167@163.com)(4 Nature Park Rise, Yarra Junction, VIC 3797)(Tertiary education ID: 2378228)(Plan: FreedomNightsBonus)
088227244----[Mr Busra Unal](2014-12-15 10:19:11)(15/Jul/1988)(e1yytx@gmail.com)(5 Leake Court, Altona Meadows, VIC 3028)(Tertiary education ID: 8540576)(Plan: FreedomNightsBonus)
088227236----[Mr Cameron Ley](2014-12-15 10:20:00)(20/Jun/1971)(s3bywv@126.com)(55 Mitchell Street, Maribyrnong, VIC 3032)(Tertiary education ID: 3437862)(Plan: FreedomNightsBonus)
089194534----[Mr Carole Safstrom](2014-12-15 10:21:01)(20/Apr/1995)(t857y0@hotmail.com)(1 Arwon Court, New Gisborne, VIC 3438)(Tertiary education ID: 5936105)(Plan: FreedomNightsBonus)
088227228----[Mr Carolyn Hupfield](2014-12-15 10:21:52)(1/Jan/1993)(o2k8v8@bigpond.com)(13 Dawayne Street, Burwood East, VIC 3151)(Tertiary education ID: 356440)(Plan: FreedomNightsBonus)
088227202----[Mr Cheryl Byrn](2014-12-15 10:22:42)(4/Mar/1991)(s6ivko@126.com)(626 Victoria Street, North Melbourne, VIC 3051)(Tertiary education ID: 7450072)(Plan: FreedomNightsBonus)
088227194----[Mr Chris Maddern](2014-12-15 10:23:32)(24/Sep/1987)(c1jl7a@hotmail.com)(32 Long Street, Langwarrin, VIC 3910)(Tertiary education ID: 5942860)(Plan: FreedomNightsBonus)
088227079----[Mr Christy Harris](2014-12-15 10:24:24)(26/Oct/1995)(evmuqk@gmail.com)(626 Victoria Street, North Melbourne, VIC 3051)(Tertiary education ID: 1502063)(Plan: FreedomNightsBonus)
088227392----[Mr Clive Thomas](2014-12-15 10:49:46)(26/Apr/1983)(k4d1ha@yeah.net)(5 Leake Court, Altona Meadows, VIC 3028)(Tertiary education ID: 4716218)(Plan: FreedomNightsBonus)
088227384----[Mr Craig Smith](2014-12-15 10:50:38)(19/Feb/1982)(cz3v7l@hotmail.com)(17 Aspera Way, Kangaroo Flat, VIC 3555)(Tertiary education ID: 6170399)(Plan: FreedomNightsBonus)
088227376----[Mr Dave White](2014-12-15 10:52:12)(15/Apr/1970)(xctblz@qq.com)(83 Nunns Road, Mornington, VIC 3931)(Tertiary education ID: 1699817)(Plan: FreedomNightsBonus)
088227400----[Mr David Lilja](2014-12-15 10:53:48)(12/Mar/1970)(u2nhhc@sohu.com)(10 Simmons Street, Box Hill North, VIC 3129)(Tertiary education ID: 3613556)(Plan: FreedomNightsBonus)
088227012----[Mr Deanne Ogilvie](2014-12-15 10:54:39)(8/Feb/1994)(ygec3q@gmail.com)(10 Simmons Street, Box Hill North, VIC 3129)(Tertiary education ID: 5760857)(Plan: FreedomNightsBonus)
088227418----[Mr Didi Meier](2014-12-15 10:55:34)(12/Jan/1973)(c4jlcf@bigpond.com)(844 Pascoe Vale Road, Glenroy, VIC 3046)(Tertiary education ID: 7199541)(Plan: FreedomNightsBonus)
089194989----[Mr Don Leanage](2014-12-15 10:56:52)(14/Jun/1977)(hr3mrn@sohu.com)(491 Springhill Road, Spring Hill, VIC 3444)(Tertiary education ID: 2650261)(Plan: FreedomNightsBonus)
089194971----[Mr Ebony Cvirn](2014-12-15 10:57:43)(16/May/1972)(t0jfdw@hotmail.com)(3A Thornton Crescent, Mitcham, VIC 3132)(Tertiary education ID: 5608095)(Plan: FreedomNightsBonus)
088227087----[Mr Elizabeth Greenhalgh](2014-12-15 10:58:39)(16/Jul/1995)(k06vwa@live.com)(491 Springhill Road, Spring Hill, VIC 3444)(Tertiary education ID: 2688094)(Plan: FreedomNightsBonus)
088227095----[Mr Emily Newton](2014-12-15 10:59:39)(18/Feb/1974)(xpa7gn@sohu.com)(100 Durham Road, Surrey Hills, VIC 3127)(Tertiary education ID: 786574)(Plan: FreedomNightsBonus)
088227103----[Mr Erica Bull](2014-12-15 11:00:29)(20/Aug/1970)(phkiew@hotmail.com)(23 Calder Highway, Diggers Rest, VIC 3427)(Tertiary education ID: 3518801)(Plan: FreedomNightsBonus)
088227160----[Mr Fadi Slaiwa](2014-12-15 11:01:26)(26/Jun/1986)(utm7p7@live.com)(5 Michael Avenue, Glen Waverley, VIC 3150)(Tertiary education ID: 5205228)(Plan: FreedomNightsBonus)
088227152----[Mr Farah Jailani](2014-12-15 11:02:22)(9/May/1988)(mqxhoh@gmail.com)(5 Toorak Court, Greensborough, VIC 3088)(Tertiary education ID: 7102159)(Plan: FreedomNightsBonus)
088227145----[Mr Fransiska Darjanto](2014-12-15 11:03:16)(12/Feb/1972)(vdywqr@live.com)(90 Westlake Drive, Melton West, VIC 3337)(Tertiary education ID: 7562906)(Plan: FreedomNightsBonus)
089194799----[Mr Gabriel Jakobson](2014-12-15 11:04:17)(3/Nov/1980)(r7qtsk@yeah.net)(5 Toorak Court, Greensborough, VIC 3088)(Tertiary education ID: 3635720)(Plan: FreedomNightsBonus)
088227129----[Mr George Edwards](2014-12-15 11:05:16)(27/Jan/1991)(pm6z4v@qq.com)(23 Fifth Avenue, Dandenong, VIC 3175)(Tertiary education ID: 3763803)(Plan: FreedomNightsBonus)
088227111----[Mr Girish Buskalowa](2014-12-15 11:06:12)(6/Jul/1973)(y30zw6@yahoo.com.au)(7 Ambrose Court, Berwick, VIC 3806)(Tertiary education ID: 1767303)(Plan: FreedomNightsBonus)
088762497----[Mr Gurkirat Singh](2014-12-15 11:07:24)(20/May/1970)(vig4bw@yahoo.com.au)(10 Breton Street, Warrnambool, VIC 3280)(Tertiary education ID: 2852912)(Plan: FreedomNightsBonus)
088762489----[Mr Helen Altus](2014-12-15 11:08:18)(11/Apr/1992)(y323du@gmail.com)(3 Saxon Court, Oakleigh, VIC 3166)(Tertiary education ID: 6456334)(Plan: FreedomNightsBonus)
088762471----[Mr Helen Cheung](2014-12-15 11:09:11)(11/Nov/1985)(a87nkz@126.com)(33 Orchard Crescent, Mont Albert North, VIC 3129)(Tertiary education ID: 1076224)(Plan: FreedomNightsBonus)
088762463----[Mr Holly Alexander](2014-12-15 11:10:01)(22/Oct/1993)(qpmb75@bigpond.com)(88 Robertson Street, Morwell, VIC 3840)(Tertiary education ID: 4763517)(Plan: FreedomNightsBonus)
089194807----[Mr Jake Smith](2014-12-15 11:10:59)(9/Aug/1995)(n1efuv@live.com)(16 Fenech Close, Mill Park, VIC 3082)(Tertiary education ID: 6006121)(Plan: FreedomNightsBonus)
088762455----[Mr Jason Smith](2014-12-15 11:11:57)(21/Apr/1994)(sef8jf@yahoo.com.au)(19 Salisbury Road, Ashwood, VIC 3147)(Tertiary education ID: 3788162)(Plan: FreedomNightsBonus)
089194781----[Mr Jenny Doherty](2014-12-15 11:13:10)(6/Oct/1973)(rprssp@yahoo.com.au)(26 Chantelle Parade, Tarneit, VIC 3029)(Tertiary education ID: 8067908)(Plan: FreedomNightsBonus)
088762448----[Mr Jeremy Gaylard](2014-12-15 11:14:03)(27/Aug/1982)(lke488@163.com)(9 Miller Street, Thornbury, VIC 3071)(Tertiary education ID: 7795611)(Plan: FreedomNightsBonus)
088762430----[Mr Jes Lange](2014-12-15 11:14:55)(26/Aug/1985)(x66tmh@live.com)(9B Aurisch Avenue, Glen Waverley, VIC 3150)(Tertiary education ID: 3035957)(Plan: FreedomNightsBonus)
089194765----[Mr Jim Marshall](2014-12-15 11:15:46)(8/Aug/1973)(uqyazb@163.com)(4 Morley Crescent, Highett, VIC 3190)(Tertiary education ID: 6163680)(Plan: FreedomNightsBonus)
089227474----[Mr Jodi Simms](2014-12-15 11:16:47)(11/Oct/1988)(of7dmw@live.com)(183 Maroondah Highway, Chirnside Park, VIC 3116)(Tertiary education ID: 8493840)(Plan: FreedomNightsBonus)
088762422----[Mr Jodie Hale](2014-12-15 11:17:38)(10/Aug/1975)(b8hykl@qq.com)(5 Sheila Court, Thomastown, VIC 3074)(Tertiary education ID: 1272153)(Plan: FreedomNightsBonus)
089227508----[Mr John Hensher](2014-12-15 12:19:22)(26/Aug/1982)(iplj2w@126.com)(10 Breton Street, Warrnambool, VIC 3280)(Tertiary education ID: 1178587)(Plan: FreedomNightsBonus)
088227186----[Mr Johnathon Abbey](2014-12-15 11:20:18)(11/Jan/1970)(y0bz2i@126.com)(22 Seventh Avenue, Altona North, VIC 3025)(Tertiary education ID: 8524441)(Plan: FreedomNightsBonus)
088227178----[Mr Joshua Bucknall](2014-12-15 11:21:08)(1/Jun/1983)(sw8ekt@163.com)(15 Blue Wren Rise, Carrum Downs, VIC 3201)(Tertiary education ID: 4349080)(Plan: FreedomNightsBonus)
088227301----[Mr Julie Valentine](2014-12-15 11:21:59)(17/Jul/1985)(ditnnl@163.com)(104 Shaftsbury Street, Coburg, VIC 3058)(Tertiary education ID: 5752203)(Plan: FreedomNightsBonus)
088227137----[Mr Karen Marten](2014-12-15 11:23:00)(16/Feb/1987)(uo6dcn@126.com)(4 Sinns Avenue, Werribee, VIC 3030)(Tertiary education ID: 6281245)(Plan: FreedomNightsBonus)
088227210----[Mr Karen Van Leeuwen](2014-12-15 11:23:54)(27/Aug/1982)(b5optw@163.com)(36 Northern Avenue, Newborough, VIC 3825)(Tertiary education ID: 2754454)(Plan: FreedomNightsBonus)
089194831----[Mr Karli Latimore](2014-12-15 11:24:57)(10/Jun/1992)(t5ypkg@yeah.net)(13 School Road, Ferny Creek, VIC 3786)(Tertiary education ID: 7996164)(Plan: FreedomNightsBonus)
088227368----[Mr Kate Bartlett](2014-12-15 11:25:49)(24/Apr/1993)(f3l7zk@qq.com)(128 Easey Street, Collingwood, VIC 3066)(Tertiary education ID: 4370444)(Plan: FreedomNightsBonus)
088227053----[Mr Katrina Freer](2014-12-15 11:26:41)(27/May/1988)(nwters@gmail.com)(71 McNamara Street, Macleod, VIC 3085)(Tertiary education ID: 642678)(Plan: FreedomNightsBonus)
088227046----[Mr Keira Jahnke](2014-12-15 11:27:54)(26/Sep/1992)(ko6zk2@163.com)(7 Ambrose Court, Berwick, VIC 3806)(Tertiary education ID: 4503990)(Plan: FreedomNightsBonus)
089194823----[Mr Kerri Kingston](2014-12-15 11:28:49)(11/Oct/1986)(jz2qer@yahoo.com.au)(8 Conrad Terrace, Taylors Hill, VIC 3037)(Tertiary education ID: 79755)(Plan: FreedomNightsBonus)
088227038----[Mr Kerrie Shingles](2014-12-15 11:29:44)(22/Nov/1994)(epoh3n@qq.com)(491 Springhill Road, Spring Hill, VIC 3444)(Tertiary education ID: 3895319)(Plan: FreedomNightsBonus)
089194674----[Mr Kim Platt](2014-12-15 11:30:51)(1/Apr/1990)(kmjkcb@gmail.com)(98 Blackburn Road, Blackburn, VIC 3130)(Tertiary education ID: 4938279)(Plan: FreedomNightsBonus)
088762414----[Mr Kirsty Simeone](2014-12-15 11:31:44)(27/Feb/1986)(avv25w@yahoo.com.au)(305 Barker Street, Castlemaine, VIC 3450)(Tertiary education ID: 1179607)(Plan: FreedomNightsBonus)
088762406----[Mr Kylie Briggs](2014-12-15 11:32:48)(19/Jun/1981)(ajln3t@bigpond.com)(10 Simmons Street, Box Hill North, VIC 3129)(Tertiary education ID: 6147503)(Plan: FreedomNightsBonus)
088762505----[Mr Leanne Madden](2014-12-15 11:33:39)(4/Oct/1971)(tljned@yeah.net)(1 Arwon Court, New Gisborne, VIC 3438)(Tertiary education ID: 149898)(Plan: FreedomNightsBonus)
088762398----[Mr Leisa Evans](2014-12-15 11:34:32)(16/Jul/1974)(q4y1z1@qq.com)(22 Seventh Avenue, Altona North, VIC 3025)(Tertiary education ID: 6630616)(Plan: FreedomNightsBonus)
088762380----[Mr Leonie Alger](2014-12-15 11:35:28)(27/Feb/1987)(w26ngh@yeah.net)(23 Cirai Crescent, Cranbourne West, VIC 3977)(Tertiary education ID: 2941947)(Plan: FreedomNightsBonus)
088762372----[Mr Lisa Hall](2014-12-15 11:36:49)(2/Apr/1988)(ewcue4@hotmail.com)(87 McMahons Road, Frankston, VIC 3199)(Tertiary education ID: 7526001)(Plan: FreedomNightsBonus)
088762364----[Mr Long Ccie](2014-12-15 11:37:47)(4/Sep/1995)(m0c08c@gmail.com)(3A Thornton Crescent, Mitcham, VIC 3132)(Tertiary education ID: 6631729)(Plan: FreedomNightsBonus)
089194633----[Mr Long Le](2014-12-15 11:38:49)(9/Nov/1976)(hxeqni@163.com)(31 Hillview Drive, Kilsyth, VIC 3137)(Tertiary education ID: 2838450)(Plan: FreedomNightsBonus)
088762356----[Mr Lorelie Mcdermott](2014-12-15 11:39:44)(11/May/1977)(ux4a4h@hotmail.com)(20 Woornack Road, Carnegie, VIC 3163)(Tertiary education ID: 8049984)(Plan: FreedomNightsBonus)
088762349----[Mr Louis Rooney](2014-12-15 11:40:38)(16/Sep/1970)(ypncdz@bigpond.com)(63 Myers Road, Bittern, VIC 3918)(Tertiary education ID: 4411789)(Plan: FreedomNightsBonus)
088762331----[Mr Luke Remedios](2014-12-15 11:41:31)(23/Oct/1974)(qk43bk@126.com)(22 Seventh Avenue, Altona North, VIC 3025)(Tertiary education ID: 2305547)(Plan: FreedomNightsBonus)
088762323----[Mr Marcus Jennison](2014-12-15 12:20:21)(5/Oct/1987)(j5qwgs@bigpond.com)(626 Victoria Street, North Melbourne, VIC 3051)(Tertiary education ID: 5835646)(Plan: FreedomNightsBonus)
088762315----[Mr Margarita Bozanic](2014-12-15 11:43:09)(17/Sep/1993)(wyaoti@gmail.com)(87 McMahons Road, Frankston, VIC 3199)(Tertiary education ID: 918681)(Plan: FreedomNightsBonus)
088762307----[Mr Margot Pazsa](2014-12-15 11:44:05)(20/May/1993)(mgh5h6@163.com)(7 Ambrose Court, Berwick, VIC 3806)(Tertiary education ID: 4329820)(Plan: FreedomNightsBonus)
088762299----[Mr Marilyn Fisher](2014-12-15 11:44:54)(18/Oct/1971)(ez7b75@hotmail.com)(15 Midnight Rise, Cranbourne East, VIC 3977)(Tertiary education ID: 6711713)(Plan: FreedomNightsBonus)
089227128----[Mr Mary Perry](2014-12-15 11:45:55)(20/Oct/1988)(qr28qr@yahoo.com.au)(7 Ambrose Court, Berwick, VIC 3806)(Tertiary education ID: 3454806)(Plan: FreedomNightsBonus)
088762158----[Mr Matthew Downie](2014-12-15 11:47:13)(26/Sep/1983)(m78g07@qq.com)(17 St Laurent Rise, Knoxfield, VIC 3180)(Tertiary education ID: 5816606)(Plan: FreedomNightsBonus)
088762133----[Mr Max Keane](2014-12-15 11:49:57)(23/Jun/1982)(mfx3g3@126.com)(305 Barker Street, Castlemaine, VIC 3450)(Tertiary education ID: 6085369)(Plan: FreedomNightsBonus)
088762125----[Mr Melissa Bertei](2014-12-15 11:50:50)(14/Apr/1970)(w044lj@qq.com)(55 Argyll Circuit, Melton West, VIC 3337)(Tertiary education ID: 3733425)(Plan: FreedomNightsBonus)
088762257----[Mr Michael Graham](2014-12-15 11:51:47)(2/Aug/1995)(l8f58u@live.com)(102 Raleigh Road, Maribyrnong, VIC 3032)(Tertiary education ID: 2048497)(Plan: FreedomNightsBonus)
088762240----[Mr Michelle Gathercole](2014-12-15 11:52:44)(19/Apr/1977)(wkbk7o@126.com)(21 Glendale Court, Kilsyth, VIC 3137)(Tertiary education ID: 220874)(Plan: FreedomNightsBonus)
088762232----[Mr Miranda Bonisch](2014-12-15 11:53:36)(3/Jul/1981)(q8hd7e@qq.com)(4 Morley Crescent, Highett, VIC 3190)(Tertiary education ID: 90285)(Plan: FreedomNightsBonus)
088762224----[Mr Mischa Pearson](2014-12-15 11:54:49)(17/Apr/1978)(y3kuvo@yahoo.com.au)(33 Orchard Crescent, Mont Albert North, VIC 3129)(Tertiary education ID: 8597193)(Plan: FreedomNightsBonus)
088762216----[Mr Mitch Brown](2014-12-15 11:56:19)(13/Nov/1982)(mwd556@qq.com)(9 Miller Street, Thornbury, VIC 3071)(Tertiary education ID: 3522573)(Plan: FreedomNightsBonus)
088762208----[Mr Ms Lisa Scarlett](2014-12-15 11:57:29)(27/Nov/1974)(o0hnh3@163.com)(13 School Road, Ferny Creek, VIC 3786)(Tertiary education ID: 4468838)(Plan: FreedomNightsBonus)
089194625----[Mr Narelle Maffei](2014-12-15 11:58:22)(3/Jan/1971)(b04bbo@yeah.net)(1 Arwon Court, New Gisborne, VIC 3438)(Tertiary education ID: 6480601)(Plan: FreedomNightsBonus)
089195002----[Mr Natalie Firth](2014-12-15 11:59:24)(21/Aug/1970)(ln73v3@126.com)(15 Blue Wren Rise, Carrum Downs, VIC 3201)(Tertiary education ID: 943772)(Plan: FreedomNightsBonus)
088762190----[Mr Nattakarn Rungratanasoontorn](2014-12-15 12:00:15)(14/Sep/1973)(ahbzcs@live.com)(5 Sheila Court, Thomastown, VIC 3074)(Tertiary education ID: 5456456)(Plan: FreedomNightsBonus)
088762182----[Mr Nazeeha Nawas](2014-12-15 12:01:07)(27/Aug/1978)(c7g6dr@gmail.com)(11 Jacqueline Drive, Aspendale Gardens, VIC 3195)(Tertiary education ID: 499310)(Plan: FreedomNightsBonus)
089194849----[Mr Nguyen Nguyen](2014-12-15 12:02:53)(26/Mar/1974)(rjgqeh@126.com)(33 Orchard Crescent, Mont Albert North, VIC 3129)(Tertiary education ID: 6759926)(Plan: FreedomNightsBonus)
089227300----[Mr Nick Kirk](2014-12-15 12:03:49)(9/Apr/1990)(mzyhni@163.com)(58 Robinlee Avenue, Burwood East, VIC 3151)(Tertiary education ID: 7100682)(Plan: FreedomNightsBonus)
088762174----[Mr Pjkyedl Andrews](2014-12-15 12:04:53)(14/Mar/1990)(czbc1n@hotmail.com)(3A Thornton Crescent, Mitcham, VIC 3132)(Tertiary education ID: 8749343)(Plan: FreedomNightsBonus)
088762166----[Mr Peter Lee](2014-12-15 12:05:49)(9/Mar/1977)(x0yv3b@live.com)(100 Durham Road, Surrey Hills, VIC 3127)(Tertiary education ID: 3160596)(Plan: FreedomNightsBonus)
088762265----[Mr Prashant Karavadia](2014-12-15 12:07:11)(27/Nov/1983)(ti2mue@yahoo.com.au)(15 Midnight Rise, Cranbourne East, VIC 3977)(Tertiary education ID: 3801630)(Plan: FreedomNightsBonus)
Activation log on 2014-December-16 (SIM cards activated)
089194773----[Mr Qaisar Bashir](2014-12-16 09:55:48)(25/May/1972)(b11v7p@yeah.net)(41 Trudewind Road, Wodonga, VIC 3690)(Tertiary education ID: 3151633)(Plan: FreedomNightsBonus)
088762117----[Mr Rajneel Prasad](2014-12-16 09:56:49)(5/Nov/1990)(rypdsb@gmail.com)(33 Orchard Crescent, Mont Albert North, VIC 3129)(Tertiary education ID: 5883924)(Plan: FreedomNightsBonus)
088762109----[Mr Robert Seery](2014-12-16 09:57:43)(7/Jun/1983)(pwsj4q@gmail.com)(21 Jamboree Avenue, Frankston South, VIC 3199)(Tertiary education ID: 3872471)(Plan: FreedomNightsBonus)
088762091----[Mr Ron Charlton](2014-12-16 09:58:37)(22/Jul/1985)(msko4m@126.com)(83 Nunns Road, Mornington, VIC 3931)(Tertiary education ID: 6820270)(Plan: FreedomNightsBonus)
088762083----[Mr Ross Hetherington](2014-12-16 10:00:07)(22/Apr/1988)(ktivl1@163.com)(19 Salisbury Road, Ashwood, VIC 3147)(Tertiary education ID: 7161490)(Plan: FreedomNightsBonus)
088762075----[Mr Sacha Quick](2014-12-16 10:01:23)(4/Nov/1972)(u2yee4@yahoo.com.au)(8 Conrad Terrace, Taylors Hill, VIC 3037)(Tertiary education ID: 269119)(Plan: FreedomNightsBonus)
089194930----[Mr Sally Williams](2014-12-16 10:02:43)(27/Apr/1983)(wfibmo@hotmail.com)(128 Easey Street, Collingwood, VIC 3066)(Tertiary education ID: 1341322)(Plan: FreedomNightsBonus)
089194922----[Mr Sam Hayes](2014-12-16 10:03:39)(9/Mar/1975)(fl0llc@live.com)(31 Hillview Drive, Kilsyth, VIC 3137)(Tertiary education ID: 7418207)(Plan: FreedomNightsBonus)
088762067----[Mr Samantha Morrison](2014-12-16 10:04:37)(19/Sep/1971)(cr1rtf@gmail.com)(12 Lancaster Avenue, Narre Warren, VIC 3805)(Tertiary education ID: 4336720)(Plan: FreedomNightsBonus)
088762059----[Mr Samantha Thornbury](2014-12-16 10:05:30)(25/Feb/1980)(g1ghny@hotmail.com)(3 Tuttawatta Road, Selby, VIC 3159)(Tertiary education ID: 8715716)(Plan: FreedomNightsBonus)
088762018----[Mr Sandra Vilosky](2014-12-16 10:06:25)(16/Feb/1994)(l21hyo@gmail.com)(4 Sinns Avenue, Werribee, VIC 3030)(Tertiary education ID: 3424484)(Plan: FreedomNightsBonus)
088227020----[Mr Sarah Grainger](2014-12-16 10:07:24)(2/Feb/1990)(nt5ath@live.com)(10 Olivia Way, Hastings, VIC 3915)(Tertiary education ID: 8816469)(Plan: FreedomNightsBonus)
088762273----[Mr Sarah Mclean](2014-12-16 10:08:50)(24/Jun/1977)(eacaej@qq.com)(63 Myers Road, Bittern, VIC 3918)(Tertiary education ID: 6723323)(Plan: FreedomNightsBonus)
088762281----[Mr Sarah Naguib](2014-12-16 10:10:11)(12/May/1992)(hycrs1@yeah.net)(23 Calder Highway, Diggers Rest, VIC 3427)(Tertiary education ID: 2281570)(Plan: FreedomNightsBonus)
088762141----[Mr Sarah Taylor](2014-12-16 10:11:04)(20/Aug/1993)(aa3jg1@qq.com)(63 Myers Road, Bittern, VIC 3918)(Tertiary education ID: 5884850)(Plan: FreedomNightsBonus)
088227350----[Mr Sarah Wooden](2014-12-16 10:12:32)(6/Feb/1978)(tmfjrl@yeah.net)(844 Pascoe Vale Road, Glenroy, VIC 3046)(Tertiary education ID: 6807832)(Plan: FreedomNightsBonus)
088762042----[Mr Shamal Sharma](2014-12-16 10:13:25)(7/Jan/1992)(lg2l8s@bigpond.com)(183 Maroondah Highway, Chirnside Park, VIC 3116)(Tertiary education ID: 3728417)(Plan: FreedomNightsBonus)
088762034----[Mr Shani Glynn](2014-12-16 10:14:40)(18/Oct/1990)(lejv0b@qq.com)(865 High Street Road, Glen Waverley, VIC 3150)(Tertiary education ID: 294726)(Plan: FreedomNightsBonus)
088762026----[Mr Sharon Smith](2014-12-16 10:16:02)(13/May/1988)(tv73kp@hotmail.com)(626 Victoria Street, North Melbourne, VIC 3051)(Tertiary education ID: 2778658)(Plan: FreedomNightsBonus)
089190425----[Mr Sreena Ananda](2014-12-16 10:17:06)(21/Nov/1973)(wu6pl7@yeah.net)(90 Westlake Drive, Melton West, VIC 3337)(Tertiary education ID: 3980187)(Plan: FreedomNightsBonus)
089190474----[Mr Steve Wald](2014-12-16 10:18:03)(25/May/1973)(oh870u@hotmail.com)(68 Bellfield Drive, Craigieburn, VIC 3064)(Tertiary education ID: 3484308)(Plan: FreedomNightsBonus)
089190458----[Mr Steven Bull](2014-12-16 10:19:22)(4/Feb/1985)(khyw30@yeah.net)(31 Hillview Drive, Kilsyth, VIC 3137)(Tertiary education ID: 5150303)(Plan: FreedomNightsBonus)
089190433----[Mr Stuart Mclaren](2014-12-16 10:20:18)(11/Sep/1993)(lt28iw@126.com)(11 Greenwood Street, Newcomb, VIC 3219)(Tertiary education ID: 2379749)(Plan: FreedomNightsBonus)
089190490----[Mr Sue Walker](2014-12-16 10:21:17)(22/Jan/1983)(yqzs7w@hotmail.com)(844 Pascoe Vale Road, Glenroy, VIC 3046)(Tertiary education ID: 2025496)(Plan: FreedomNightsBonus)
089194732----[Mr Tina Foo](2014-12-16 10:22:25)(8/Mar/1982)(gjtcoo@gmail.com)(55 Brayshay Road, Newcomb, VIC 3219)(Tertiary education ID: 2296935)(Plan: FreedomNightsBonus)
089194997----[Mr Tracey Ramm](2014-12-16 10:23:27)(18/Apr/1991)(is5n12@gmail.com)(13 Belford Avenue, Kew East, VIC 3102)(Tertiary education ID: 3586304)(Plan: FreedomNightsBonus)
089194724----[Mr Tracy Ipkil](2014-12-16 10:24:22)(5/Nov/1978)(j50u61@sohu.com)(104 Shaftsbury Street, Coburg, VIC 3058)(Tertiary education ID: 6535737)(Plan: FreedomNightsBonus)
089194914----[Mr Troy Mckenna](2014-12-16 10:25:23)(2/Jun/1977)(fml6us@163.com)(55 Mitchell Street, Maribyrnong, VIC 3032)(Tertiary education ID: 2580439)(Plan: FreedomNightsBonus)
089194815----[Mr Unchalee Sakulchua](2014-12-16 10:26:23)(24/Jun/1991)(qfeusn@hotmail.com)(59 Graham Street, Newport, VIC 3015)(Tertiary education ID: 3386702)(Plan: FreedomNightsBonus)
089194567----[Mr Valerie Furniss](2014-12-16 10:27:16)(19/Apr/1984)(jcotw1@yeah.net)(38 Royal Street, Upwey, VIC 3158)(Tertiary education ID: 6269701)(Plan: FreedomNightsBonus)
089194559----[Mr Yasmin Mounajed](2014-12-16 10:28:10)(3/Nov/1983)(mm3pr4@163.com)(10 Olivia Way, Hastings, VIC 3915)(Tertiary education ID: 6693914)(Plan: FreedomNightsBonus)
089227391----[Mr Yong Yin Zhang](2014-12-16 10:29:35)(4/Mar/1995)(ou34e8@live.com)(75 Almurta Avenue, Coolaroo, VIC 3048)(Tertiary education ID: 8666873)(Plan: FreedomNightsBonus)
089227383----[Mr Zhong Zheng](2014-12-16 10:30:30)(13/Oct/1981)(q1rb5i@yeah.net)(57 Woodville Street, Balwyn North, VIC 3104)(Tertiary education ID: 5009644)(Plan: FreedomNightsBonus)
089227375----[Mr Ziad Mighishghis](2014-12-16 10:31:21)(4/Jul/1991)(bgduml@gmail.com)(48 Mosman Close, Wantirna South, VIC 3152)(Tertiary education ID: 5880541)(Plan: FreedomNightsBonus)
089194526----[Mr Maddie Briggs](2014-12-16 10:32:14)(3/Jun/1992)(uz12qn@163.com)(87 McMahons Road, Frankston, VIC 3199)(Tertiary education ID: 2980228)(Plan: FreedomNightsBonus)
089194518----[Mr Mu Du](2014-12-16 10:33:19)(9/Oct/1995)(q25vp1@hotmail.com)(491 Springhill Road, Spring Hill, VIC 3444)(Tertiary education ID: 1547357)(Plan: FreedomNightsBonus)
089227326----[Mr Alexandra Storey](2014-12-16 10:34:12)(10/Jan/1988)(oxm0cx@gmail.com)(31 Hillview Drive, Kilsyth, VIC 3137)(Tertiary education ID: 5707966)(Plan: FreedomNightsBonus)
089227318----[Mr Alicia Kearney](2014-12-16 10:35:11)(7/Jan/1980)(l588bc@qq.com)(18 Andrew Street, Northcote, VIC 3070)(Tertiary education ID: 269571)(Plan: FreedomNightsBonus)
089194757----[Mr Amer Maadleh](2014-12-16 10:36:03)(12/Oct/1978)(h0gzv6@bigpond.com)(729 Fogartys Gap Road, Walmer, VIC 3463)(Tertiary education ID: 6141408)(Plan: FreedomNightsBonus)
089194740----[Mr Andrew Calvert](2014-12-16 10:37:01)(22/Aug/1987)(twygp5@bigpond.com)(58 Robinlee Avenue, Burwood East, VIC 3151)(Tertiary education ID: 6089234)(Plan: FreedomNightsBonus)
089227243----[Mr Andrew Coutts](2014-12-16 11:48:15)(20/Jan/1973)(ekc5mj@sohu.com)(102 Raleigh Road, Maribyrnong, VIC 3032)(Tertiary education ID: 8954689)(Plan: FreedomNightsBonus)
089194856----[Mr Anthony Obrien](2014-12-16 10:39:04)(15/Apr/1995)(wh6a0c@hotmail.com)(5 Sheila Court, Thomastown, VIC 3074)(Tertiary education ID: 5683780)(Plan: FreedomNightsBonus)
089227334----[Mr Ashalay Price](2014-12-16 10:40:24)(23/Apr/1970)(hyfdjv@live.com)(17 Aspera Way, Kangaroo Flat, VIC 3555)(Tertiary education ID: 7868349)(Plan: FreedomNightsBonus)
089227136----[Mr Ashdown Ingram](2014-12-16 10:41:22)(9/Nov/1982)(nt2ojx@qq.com)(3 Tuttawatta Road, Selby, VIC 3159)(Tertiary education ID: 3540416)(Plan: FreedomNightsBonus)
089227342----[Mr Ashleigh Donaldson](2014-12-16 10:42:47)(26/Apr/1995)(adb2bh@hotmail.com)(305 Barker Street, Castlemaine, VIC 3450)(Tertiary education ID: 2094390)(Plan: FreedomNightsBonus)
089194948----[Mr Bianca Baluyot](2014-12-16 10:43:41)(14/Feb/1977)(srrr8h@yahoo.com.au)(24 Johnston Way, Taylors Hill, VIC 3037)(Tertiary education ID: 4504469)(Plan: FreedomNightsBonus)
089227235----[Mr Brittni Rippon](2014-12-16 10:45:03)(22/Jul/1971)(kh6b23@gmail.com)(4 Nature Park Rise, Yarra Junction, VIC 3797)(Tertiary education ID: 3008103)(Plan: FreedomNightsBonus)
089194583----[Mr Calea Pigott](2014-12-16 10:46:12)(15/Jun/1971)(smhath@bigpond.com)(22 Seventh Avenue, Altona North, VIC 3025)(Tertiary education ID: 7960777)(Plan: FreedomNightsBonus)
089194591----[Mr Caloundra Chamber Commerce](2014-12-16 10:47:12)(21/Oct/1984)(hpjl21@126.com)(208 Princes Street, Traralgon, VIC 3844)(Tertiary education ID: 1539269)(Plan: FreedomNightsBonus)
089194575----[Mr Carla Telford](2014-12-16 10:48:03)(23/Mar/1992)(jgy0l5@yahoo.com.au)(7 Ambrose Court, Berwick, VIC 3806)(Tertiary education ID: 5423916)(Plan: FreedomNightsBonus)
089194906----[Mr Casey Hodgkinson](2014-12-16 10:49:37)(7/Mar/1985)(ltanze@bigpond.com)(305 Barker Street, Castlemaine, VIC 3450)(Tertiary education ID: 2442343)(Plan: FreedomNightsBonus)
089227367----[Mr Chantelle Flynn](2014-12-16 10:50:51)(18/Jul/1972)(ob6h5z@live.com)(15 Blue Wren Rise, Carrum Downs, VIC 3201)(Tertiary education ID: 3425160)(Plan: FreedomNightsBonus)
089194963----[Mr Christina Curry](2014-12-16 10:51:47)(22/Feb/1988)(lmnz7e@yeah.net)(24 Platypus Drive, Mt Clear, VIC 3350)(Tertiary education ID: 2861138)(Plan: FreedomNightsBonus)
089194898----[Mr Corrie Mcquil](2014-12-16 10:52:42)(11/Apr/1994)(k2rrk3@gmail.com)(10 Simmons Street, Box Hill North, VIC 3129)(Tertiary education ID: 4499375)(Plan: FreedomNightsBonus)
089227359----[Mr Crystal Rice](2014-12-16 10:54:03)(19/Feb/1978)(nr4bm3@yahoo.com.au)(24 Johnston Way, Taylors Hill, VIC 3037)(Tertiary education ID: 1961911)(Plan: FreedomNightsBonus)
089194955----[Mr Damien Freeman](2014-12-16 10:54:57)(2/Mar/1971)(xwa8cd@yeah.net)(4 Sinns Avenue, Werribee, VIC 3030)(Tertiary education ID: 1517304)(Plan: FreedomNightsBonus)
081780629----[Mr Dan Mollica](2014-12-16 10:55:53)(5/Oct/1987)(bbbvf5@gmail.com)(11 Greenwood Street, Newcomb, VIC 3219)(Tertiary education ID: 2118299)(Plan: FreedomNightsBonus)
081780611----[Mr Darlene Toll](2014-12-16 10:56:48)(27/Jun/1985)(gpczka@sohu.com)(48 Mosman Close, Wantirna South, VIC 3152)(Tertiary education ID: 67117)(Plan: FreedomNightsBonus)
081780983----[Mr Darren Salmon](2014-12-16 10:57:41)(15/Mar/1978)(sp681m@126.com)(865 High Street Road, Glen Waverley, VIC 3150)(Tertiary education ID: 7300093)(Plan: FreedomNightsBonus)
089194880----[Mr Darryl Kershaw](2014-12-16 10:58:34)(5/Jun/1972)(dy53pu@sohu.com)(83 Nunns Road, Mornington, VIC 3931)(Tertiary education ID: 8568602)(Plan: FreedomNightsBonus)
081780959----[Mr Debra Rolfe](2014-12-16 10:59:37)(13/May/1974)(osywmw@live.com)(55 Argyll Circuit, Melton West, VIC 3337)(Tertiary education ID: 2000111)(Plan: FreedomNightsBonus)
081780660----[Mr Dione Glebov](2014-12-16 11:00:29)(18/Feb/1977)(v6e2na@gmail.com)(33 Orchard Crescent, Mont Albert North, VIC 3129)(Tertiary education ID: 1074391)(Plan: FreedomNightsBonus)
081780652----[Mr Donald Mckern](2014-12-16 11:01:27)(14/Jan/1973)(ga2f7h@yeah.net)(208 Princes Street, Traralgon, VIC 3844)(Tertiary education ID: 8601494)(Plan: FreedomNightsBonus)
089194872----[Mr Donna Anthony](2014-12-16 11:02:32)(13/Apr/1971)(ezx8jv@live.com)(525 Kings Road, Taylors Lakes, VIC 3038)(Tertiary education ID: 7561374)(Plan: FreedomNightsBonus)
081780645----[Mr Emma Brooke](2014-12-16 11:03:24)(27/May/1993)(m0wx1q@yahoo.com.au)(98 Blackburn Road, Blackburn, VIC 3130)(Tertiary education ID: 7554333)(Plan: FreedomNightsBonus)
081780637----[Mr Giles Websterhawes](2014-12-16 11:04:19)(22/Apr/1971)(x8bf55@yahoo.com.au)(90 Westlake Drive, Melton West, VIC 3337)(Tertiary education ID: 4993656)(Plan: FreedomNightsBonus)
081780702----[Mr Himal Perera](2014-12-16 11:05:13)(22/Oct/1971)(f0r261@163.com)(88 Robertson Street, Morwell, VIC 3840)(Tertiary education ID: 4998915)(Plan: FreedomNightsBonus)
081780694----[Mr Ibrahim Bozkurt](2014-12-16 11:06:10)(8/Oct/1994)(usrq7v@live.com)(7 Ambrose Court, Berwick, VIC 3806)(Tertiary education ID: 8613442)(Plan: FreedomNightsBonus)
089194864----[Mr Jack Pocock](2014-12-16 11:07:15)(12/Apr/1995)(ip6rey@bigpond.com)(71 McNamara Street, Macleod, VIC 3085)(Tertiary education ID: 1587048)(Plan: FreedomNightsBonus)
089194708----[Mr James Parisi](2014-12-16 11:08:16)(25/May/1993)(i060i0@qq.com)(4 Nature Park Rise, Yarra Junction, VIC 3797)(Tertiary education ID: 1121108)(Plan: FreedomNightsBonus)
081780686----[Mr Janardan Andrews](2014-12-16 11:09:08)(12/Sep/1971)(iovfoy@163.com)(24 Johnston Way, Taylors Hill, VIC 3037)(Tertiary education ID: 647377)(Plan: FreedomNightsBonus)
081780678----[Mr Jason Heard](2014-12-16 11:10:01)(14/Apr/1991)(dvaqh5@yahoo.com.au)(25 Robinson Street, Dandenong, VIC 3175)(Tertiary education ID: 2489118)(Plan: FreedomNightsBonus)
089194641----[Mr Jayson Matthews](2014-12-16 11:11:04)(21/Jul/1994)(vyyybj@yeah.net)(18 Colonus Street, Kurunjang, VIC 3337)(Tertiary education ID: 6590684)(Plan: FreedomNightsBonus)
081780744----[Mr Jose Manuel Alvarez Gonzalez](2014-12-16 11:11:55)(10/May/1992)(kekx7v@sohu.com)(3 Tuttawatta Road, Selby, VIC 3159)(Tertiary education ID: 6730483)(Plan: FreedomNightsBonus)
081780736----[Mr Joy Rigby](2014-12-16 11:13:13)(10/Jan/1993)(y52g3p@yeah.net)(22 Seventh Avenue, Altona North, VIC 3025)(Tertiary education ID: 2522459)(Plan: FreedomNightsBonus)
089227458----[Mr Judy Barker](2014-12-16 11:14:19)(27/Mar/1995)(d3u344@live.com)(44 Carlisle Street, St Kilda, VIC 3182)(Tertiary education ID: 1641254)(Plan: FreedomNightsBonus)
081780728----[Mr Karyn Wood](2014-12-16 11:15:18)(19/Sep/1977)(qeiw1z@bigpond.com)(626 Victoria Street, North Melbourne, VIC 3051)(Tertiary education ID: 2529256)(Plan: FreedomNightsBonus)
081780710----[Mr Kath Williams](2014-12-16 11:16:08)(26/Jun/1988)(k4bhlc@qq.com)(55 Brayshay Road, Newcomb, VIC 3219)(Tertiary education ID: 3253306)(Plan: FreedomNightsBonus)
081780793----[Mr Kathryn Hocking](2014-12-16 11:17:06)(15/Nov/1980)(a0pd3y@163.com)(24 Johnston Way, Taylors Hill, VIC 3037)(Tertiary education ID: 6529357)(Plan: FreedomNightsBonus)
089227466----[Mr Katisha Fidock](2014-12-16 11:18:24)(8/Nov/1986)(tuxgbj@yahoo.com.au)(305 Barker Street, Castlemaine, VIC 3450)(Tertiary education ID: 3879855)(Plan: FreedomNightsBonus)
081780785----[Mr Katrina Wall](2014-12-16 11:19:14)(11/Oct/1988)(lt8l6t@qq.com)(21 Jamboree Avenue, Frankston South, VIC 3199)(Tertiary education ID: 1064832)(Plan: FreedomNightsBonus)
089227185----[Mr Kayla Spriggs](2014-12-16 11:20:30)(9/Feb/1990)(f0bjvs@qq.com)(11 Greenwood Street, Newcomb, VIC 3219)(Tertiary education ID: 1388209)(Plan: FreedomNightsBonus)
089227482----[Mr Kerry Mckenzie](2014-12-16 11:21:28)(6/Mar/1981)(dk8jts@163.com)(865 High Street Road, Glen Waverley, VIC 3150)(Tertiary education ID: 4989605)(Plan: FreedomNightsBonus)
089194682----[Mr Krystin Byrne](2014-12-16 11:22:22)(23/Sep/1988)(y4616h@126.com)(13 School Road, Ferny Creek, VIC 3786)(Tertiary education ID: 5884820)(Plan: FreedomNightsBonus)
081780512----[Mr Lauren Bailey](2014-12-16 11:23:18)(14/Nov/1995)(huf44t@126.com)(18 Andrew Street, Northcote, VIC 3070)(Tertiary education ID: 5845396)(Plan: FreedomNightsBonus)
081780975----[Mr Leah Curtis](2014-12-16 11:24:21)(25/Feb/1990)(ihrco3@hotmail.com)(55 Mitchell Street, Maribyrnong, VIC 3032)(Tertiary education ID: 4804630)(Plan: FreedomNightsBonus)
089227250----[Mr Lee Peers](2014-12-16 11:25:23)(22/Jan/1984)(ggvndn@qq.com)(23 Fifth Avenue, Dandenong, VIC 3175)(Tertiary education ID: 5374120)(Plan: FreedomNightsBonus)
081780967----[Mr Lesley Fawkes](2014-12-16 11:26:16)(8/Sep/1985)(nkr1ng@hotmail.com)(18 Colonus Street, Kurunjang, VIC 3337)(Tertiary education ID: 2433670)(Plan: FreedomNightsBonus)
081780801----[Mr Lisa Krygger](2014-12-16 11:27:20)(27/Nov/1985)(yjb8it@126.com)(22 Seventh Avenue, Altona North, VIC 3025)(Tertiary education ID: 3291618)(Plan: FreedomNightsBonus)
081780553----[Mr Lynette Odonnell](2014-12-16 11:28:40)(1/Jun/1993)(ufv5lh@bigpond.com)(124 Keon Street, Thornbury, VIC 3071)(Tertiary education ID: 8900149)(Plan: FreedomNightsBonus)
081780546----[Mr Muekr Dawson](2014-12-16 11:49:38)(27/Nov/1992)(ekzp5a@bigpond.com)(4 Morley Crescent, Highett, VIC 3190)(Tertiary education ID: 6938476)(Plan: FreedomNightsBonus)
081780538----[Mr Madeleine Barker](2014-12-16 11:30:10)(22/Jul/1984)(r03v34@gmail.com)(59 Graham Street, Newport, VIC 3015)(Tertiary education ID: 5629763)(Plan: FreedomNightsBonus)
081780520----[Mr Mallissa Hepburn](2014-12-16 11:31:02)(20/Aug/1985)(vof5ml@163.com)(49A Grange Road, Caulfield East, VIC 3145)(Tertiary education ID: 3790277)(Plan: FreedomNightsBonus)
081780595----[Mr Mary Martinez](2014-12-16 11:31:58)(24/May/1995)(usncm1@hotmail.com)(19A Wilson Street, Brighton, VIC 3186)(Tertiary education ID: 8051440)(Plan: FreedomNightsBonus)
089227441----[Mr Matthew Connolly](2014-12-16 11:33:12)(15/Apr/1972)(bo6uz8@126.com)(21 Jamboree Avenue, Frankston South, VIC 3199)(Tertiary education ID: 723771)(Plan: FreedomNightsBonus)
081780587----[Mr Matthew Glithro](2014-12-16 11:34:11)(11/Mar/1970)(f36hoy@live.com)(13A Hillcrest Avenue, Ferntree Gully, VIC 3156)(Tertiary education ID: 3368962)(Plan: FreedomNightsBonus)
081780579----[Mr Maureen Mash](2014-12-16 11:35:06)(4/Mar/1980)(q48odh@qq.com)(10 Olivia Way, Hastings, VIC 3915)(Tertiary education ID: 6535416)(Plan: FreedomNightsBonus)
081780561----[Mr Michelle Rogers](2014-12-16 11:36:16)(23/Nov/1994)(lcjm2s@126.com)(32 Long Street, Langwarrin, VIC 3910)(Tertiary education ID: 7122328)(Plan: FreedomNightsBonus)
089194690----[Mr Nathan Dare](2014-12-16 11:37:11)(23/Jul/1992)(mxpjmp@hotmail.com)(13 School Road, Ferny Creek, VIC 3786)(Tertiary education ID: 2802592)(Plan: FreedomNightsBonus)
089227110----[Mr Noor Rahuma](2014-12-16 11:38:02)(13/Jan/1990)(wzrozo@hotmail.com)(1 Arwon Court, New Gisborne, VIC 3438)(Tertiary education ID: 7680430)(Plan: FreedomNightsBonus)
Activation log on 2014-December-17 (SIM cards activated)
089227094----[Mr Phang Weng Cheong](2014-12-17 11:23:01)(2/Feb/1991)(padlg0@bigpond.com)(58 Robinlee Avenue, Burwood East, VIC 3151)(Tertiary education ID: 6585959)(Plan: FreedomNightsBonus)
089227086----[Mr Raffaele Caccamo](2014-12-17 11:28:11)(5/Jun/1970)(iqisuj@126.com)(729 Fogartys Gap Road, Walmer, VIC 3463)(Tertiary education ID: 327512)(Plan: FreedomNightsBonus)
089194609----[Mr Rebbecca Wood](2014-12-17 11:33:29)(5/May/1977)(nlfd0z@126.com)(11 Jacqueline Drive, Aspendale Gardens, VIC 3195)(Tertiary education ID: 453409)(Plan: FreedomNightsBonus)
089194716----[Mr Redentor Zapanta](2014-12-17 11:35:38)(17/Sep/1982)(l88e02@qq.com)(78 Raphael Crescent, Frankston, VIC 3199)(Tertiary education ID: 4893737)(Plan: FreedomNightsBonus)
089194617----[Mr Renaye Obrien](2014-12-17 12:09:50)(3/Oct/1983)(y6sv7q@yeah.net)(3A Thornton Crescent, Mitcham, VIC 3132)(Tertiary education ID: 3012613)(Plan: FreedomNightsBonus)
089227490----[Mr Roberta Connolly](2014-12-17 12:12:02)(16/Aug/1970)(f5gd2w@yeah.net)(78 Raphael Crescent, Frankston, VIC 3199)(Tertiary education ID: 2197680)(Plan: FreedomNightsBonus)
089227177----[Mr Rose Nguyen](2014-12-17 12:14:18)(15/Nov/1973)(vu7s1v@live.com)(21 Jamboree Avenue, Frankston South, VIC 3199)(Tertiary education ID: 8929925)(Plan: FreedomNightsBonus)
089227227----[Mr Ryan Dowling](2014-12-17 12:16:45)(8/Aug/1970)(bl63c3@163.com)(5 Leake Court, Altona Meadows, VIC 3028)(Tertiary education ID: 316479)(Plan: FreedomNightsBonus)
089227219----[Mr Samantha Hurley](2014-12-17 12:18:59)(1/Apr/1986)(lvn7pj@sohu.com)(23 Hertford Road, Sunshine, VIC 3020)(Tertiary education ID: 5712163)(Plan: FreedomNightsBonus)
089227201----[Mr Samantha Scott](2014-12-17 12:21:26)(8/Nov/1978)(m0mj6s@163.com)(17 St Laurent Rise, Knoxfield, VIC 3180)(Tertiary education ID: 5794837)(Plan: FreedomNightsBonus)
089227193----[Mr Sarah Gould](2014-12-17 12:23:52)(8/Jan/1982)(vgbbj0@163.com)(4 Nature Park Rise, Yarra Junction, VIC 3797)(Tertiary education ID: 1239419)(Plan: FreedomNightsBonus)
089227011----[Mr Sarah Perkins](2014-12-17 12:26:31)(16/Dec/1970)(dv18p6@gmail.com)(10 Olivia Way, Hastings, VIC 3915)(Tertiary education ID: 1082712)(Plan: FreedomNightsBonus)
089227169----[Mr Sarah Riddell](2014-12-17 12:28:35)(22/Oct/1982)(r6bkv6@126.com)(19 Petre Avenue, Altona Meadows, VIC 3028)(Tertiary education ID: 8390169)(Plan: FreedomNightsBonus)
089227037----[Mr Sarlina Madafferi](2014-12-17 12:31:17)(18/Dec/1985)(filpmb@163.com)(38 Royal Street, Upwey, VIC 3158)(Tertiary education ID: 3255313)(Plan: FreedomNightsBonus)
089227029----[Mr Shaun Kopinya](2014-12-17 12:33:53)(4/Feb/1972)(o8azw5@yeah.net)(19A Wilson Street, Brighton, VIC 3186)(Tertiary education ID: 4285352)(Plan: FreedomNightsBonus)
089227102----[Mr Stuart John Lammey](2014-12-17 12:36:11)(24/Oct/1985)(mt4iwu@live.com)(21 Glendale Court, Kilsyth, VIC 3137)(Tertiary education ID: 742191)(Plan: FreedomNightsBonus)
089227078----[Mr Suzy Vermulm](2014-12-17 12:38:43)(12/Mar/1973)(ssz47y@163.com)(23 Fifth Avenue, Dandenong, VIC 3175)(Tertiary education ID: 2962563)(Plan: FreedomNightsBonus)
089227151----[Mr Tamara Leslie](2014-12-17 12:40:41)(19/Feb/1980)(caabk8@163.com)(23 Hertford Road, Sunshine, VIC 3020)(Tertiary education ID: 1573429)(Plan: FreedomNightsBonus)
089227060----[Mr Tane Ozlu](2014-12-17 12:43:18)(21/Feb/1979)(ptau8i@gmail.com)(36 Northern Avenue, Newborough, VIC 3825)(Tertiary education ID: 496168)(Plan: FreedomNightsBonus)
089227052----[Mr Tanya Begley](2014-12-17 12:46:09)(21/Feb/1978)(hq2ac5@qq.com)(491 Springhill Road, Spring Hill, VIC 3444)(Tertiary education ID: 701790)(Plan: FreedomNightsBonus)
089227045----[Mr Tanya Fletcher](2014-12-17 12:48:24)(8/Aug/1992)(d0kw8l@sohu.com)(49A Grange Road, Caulfield East, VIC 3145)(Tertiary education ID: 6741416)(Plan: FreedomNightsBonus)
089227292----[Mr Tanya Norris](2014-12-17 12:51:02)(20/Oct/1974)(jzu88m@bigpond.com)(55 Mitchell Street, Maribyrnong, VIC 3032)(Tertiary education ID: 545332)(Plan: FreedomNightsBonus)
089227144----[Mr Tim Biasetto](2014-12-17 12:53:28)(6/Aug/1979)(m0hjvq@live.com)(525 Kings Road, Taylors Lakes, VIC 3038)(Tertiary education ID: 8329377)(Plan: FreedomNightsBonus)
089227284----[Mr Trevor Cowan](2014-12-17 12:55:58)(12/May/1988)(nazlqd@gmail.com)(33 Orchard Crescent, Mont Albert North, VIC 3129)(Tertiary education ID: 2355643)(Plan: FreedomNightsBonus)
089227276----[Mr Wayne Densley](2014-12-17 12:58:08)(19/Oct/1975)(g7i5fy@live.com)(26 Vista Drive, Keilor East, VIC 3033)(Tertiary education ID: 7635265)(Plan: FreedomNightsBonus)
089227268----[Mr Yassir Alharbi](2014-12-17 13:00:31)(13/Apr/1978)(g1rw0n@hotmail.com)(55 Mitchell Street, Maribyrnong, VIC 3032)(Tertiary education ID: 4986134)(Plan: FreedomNightsBonus)
089227433----[Mr Yulia Glazunova](2014-12-17 13:02:51)(10/May/1984)(y1xwk3@qq.com)(90 Westlake Drive, Melton West, VIC 3337)(Tertiary education ID: 3655048)(Plan: FreedomNightsBonus)
089227425----[Mr Aimee Willis](2014-12-17 13:05:11)(18/Jan/1973)(gqbzrg@yahoo.com.au)(44 Carlisle Street, St Kilda, VIC 3182)(Tertiary education ID: 2481095)(Plan: FreedomNightsBonus)
089227417----[Mr Jennie Murphy](2014-12-17 13:07:31)(15/Nov/1979)(yofxdh@sohu.com)(13 Belford Avenue, Kew East, VIC 3102)(Tertiary education ID: 883338)(Plan: FreedomNightsBonus)
089227409----[Mr Rebekah Bagnall](2014-12-17 13:09:43)(14/Aug/1988)(jbrhne@hotmail.com)(491 Springhill Road, Spring Hill, VIC 3444)(Tertiary education ID: 1981847)(Plan: FreedomNightsBonus)
081780942----[Mr Alan Shapiro](2014-12-17 13:12:04)(25/Feb/1978)(onobn3@yeah.net)(31 Hillview Drive, Kilsyth, VIC 3137)(Tertiary education ID: 827831)(Plan: FreedomNightsBonus)
081780934----[Mr Alex Lane](2014-12-17 13:14:11)(8/May/1973)(uizkk5@sohu.com)(36 Northern Avenue, Newborough, VIC 3825)(Tertiary education ID: 8338355)(Plan: FreedomNightsBonus)
081780926----[Mr Alexander Eskander](2014-12-17 13:35:38)(17/Dec/1990)(jo86mh@qq.com)(13 School Road, Ferny Creek, VIC 3786)(Tertiary education ID: 1214419)(Plan: FreedomNightsBonus)
081780918----[Mr Alicia Cox](2014-12-17 13:37:49)(5/Jan/1981)(ly242u@163.com)(59 Graham Street, Newport, VIC 3015)(Tertiary education ID: 8182376)(Plan: FreedomNightsBonus)
081780900----[Mr Alisha Minor](2014-12-17 13:40:12)(27/May/1986)(xt0v2v@gmail.com)(218 Cheltenham Road, Keysborough, VIC 3173)(Tertiary education ID: 8909829)(Plan: FreedomNightsBonus)
081780892----[Mr Amanda Fitzgerald](2014-12-17 13:42:12)(27/May/1983)(p5n7cj@qq.com)(5 Leake Court, Altona Meadows, VIC 3028)(Tertiary education ID: 5556684)(Plan: FreedomNightsBonus)
081780884----[Mr Andrea Lopez](2014-12-17 13:44:29)(26/Dec/1978)(nly3tb@sohu.com)(21 Jamboree Avenue, Frankston South, VIC 3199)(Tertiary education ID: 8392631)(Plan: FreedomNightsBonus)
081780603----[Mr Andy Morris](2014-12-17 13:46:37)(28/Jun/1972)(ildghg@163.com)(729 Fogartys Gap Road, Walmer, VIC 3463)(Tertiary education ID: 2526061)(Plan: FreedomNightsBonus)
089212138----[Mr Ashleigh Cassidy](2014-12-17 13:48:39)(17/Jul/1978)(e5am13@yeah.net)(26 Vista Drive, Keilor East, VIC 3033)(Tertiary education ID: 5962505)(Plan: FreedomNightsBonus)
081780777----[Mr Bek Daniels](2014-12-17 13:51:07)(17/Apr/1981)(ocvl0a@126.com)(32 Long Street, Langwarrin, VIC 3910)(Tertiary education ID: 2286438)(Plan: FreedomNightsBonus)
081780769----[Mr Bennett Chai](2014-12-17 13:53:21)(1/Jan/1983)(pvk2ro@gmail.com)(487 Mt Alexander Road, Moonee Ponds, VIC 3039)(Tertiary education ID: 4425606)(Plan: FreedomNightsBonus)
081780751----[Mr Bruce Barrie](2014-12-17 13:55:44)(26/May/1971)(wq7ehi@bigpond.com)(22 Seventh Avenue, Altona North, VIC 3025)(Tertiary education ID: 2345185)(Plan: FreedomNightsBonus)
